
🔍 Loading globalbam_chr.s3d...
Processing S3D:  globalbam_chr.s3d Skip Images:  false
Processing WLD file - globalbam_chr.wld
Processed - globalbam_chr.s3d
🖼️ Processing 145 images...
  ✅ Processed bamhn0201.dds -> PNG (7266 bytes)
  ✅ Processed bamhesk51.dds -> PNG (36169 bytes)
  ✅ Processed bamhesk04.dds -> PNG (1507 bytes)
  ✅ Processed bamchsk03.dds -> PNG (74958 bytes)
  ✅ Processed bamlg0302.dds -> PNG (26395 bytes)
  ✅ Processed bamhe0104.dds -> PNG (69 bytes)
  ✅ Processed bamch0103.dds -> PNG (130843 bytes)
  ✅ Processed chr_eye001.dds -> PNG (6264 bytes)
  ✅ Processed bamhe0002.dds -> PNG (114 bytes)
  ✅ Processed bamfa0301.dds -> PNG (34308 bytes)
  ✅ Processed bamhe0003.dds -> PNG (130 bytes)
  ✅ Processed bamhe0105.dds -> PNG (69 bytes)
  ✅ Processed bamch0102.dds -> PNG (14134 bytes)
  ✅ Processed bamhesk05.dds -> PNG (1408 bytes)
  ✅ Processed bamchsk02.dds -> PNG (9772 bytes)
  ✅ Processed bamlg0303.dds -> PNG (4312 bytes)
  ✅ Processed bamua0101.dds -> PNG (8036 bytes)
  ✅ Processed bamuask01.dds -> PNG (4674 bytes)
  ✅ Processed bamhe0501.dds -> PNG (36570 bytes)
  ✅ Processed bamft0101.dds -> PNG (7222 bytes)
  ✅ Processed bamftsk01.dds -> PNG (5238 bytes)
  ✅ Processed bamhe0405.dds -> PNG (69 bytes)
  ✅ Processed bamfa0302.dds -> PNG (34308 bytes)
  ✅ Processed bamhesk07.dds -> PNG (1980 bytes)
  ✅ Processed bamlg0301.dds -> PNG (60432 bytes)
  ✅ Processed bamhe0001.dds -> PNG (185 bytes)
  ✅ Processed bamftsk03.dds -> PNG (1406 bytes)
  ✅ Processed bamft0103.dds -> PNG (1845 bytes)
  ✅ Processed bamhesk45.dds -> PNG (1408 bytes)
  ✅ Processed bamhn0202.dds -> PNG (7389 bytes)
  ✅ Processed bamft0102.dds -> PNG (1441 bytes)
  ✅ Processed bamhesk44.dds -> PNG (1501 bytes)
  ✅ Processed bamft0004.dds -> PNG (11791 bytes)
  ✅ Processed bamhesk11.dds -> PNG (36625 bytes)
  ✅ Processed bamftsk02.dds -> PNG (2673 bytes)
  ✅ Processed bamhn0203.dds -> PNG (211 bytes)
  ✅ Processed bamua0102.dds -> PNG (25014 bytes)
  ✅ Processed bamuask02.dds -> PNG (19697 bytes)
  ✅ Processed bamhe0404.dds -> PNG (69 bytes)
  ✅ Processed bamch0101.dds -> PNG (90 bytes)
  ✅ Processed bamchsk01.dds -> PNG (2521 bytes)
  ✅ Processed bamhesk06.dds -> PNG (4703 bytes)
  ✅ Processed bamhesk14.dds -> PNG (1501 bytes)
  ✅ Processed bamft0001.dds -> PNG (2955 bytes)
  ✅ Processed bamhesk41.dds -> PNG (35470 bytes)
  ✅ Processed bamhesk03.dds -> PNG (1027 bytes)
  ✅ Processed bamlg0203.dds -> PNG (7400 bytes)
  ✅ Processed bamhe0005.dds -> PNG (134 bytes)
  ✅ Processed bamch0002.dds -> PNG (69 bytes)
  ✅ Processed bamhe0401.dds -> PNG (37934 bytes)
  ✅ Processed bamua0001.dds -> PNG (69 bytes)
  ✅ Processed bamhe0004.dds -> PNG (123 bytes)
  ✅ Processed bamch0003.dds -> PNG (81659 bytes)
  ✅ Processed bamlg0202.dds -> PNG (26462 bytes)
  ✅ Processed bamhesk02.dds -> PNG (1297 bytes)
  ✅ Processed bamfa0201.dds -> PNG (26750 bytes)
  ✅ Processed bamhn0301.dds -> PNG (6725 bytes)
  ✅ Processed bamhesk15.dds -> PNG (1408 bytes)
  ✅ Processed bamhe0504.dds -> PNG (69 bytes)
  ✅ Processed bamua0002.dds -> PNG (69 bytes)
  ✅ Processed bamhesk55.dds -> PNG (1408 bytes)
  ✅ Processed bamch0001.dds -> PNG (69 bytes)
  ✅ Processed bamhe0006.dds -> PNG (135 bytes)
  ✅ Processed bamftsk04.dds -> PNG (17180 bytes)
  ✅ Processed bamft0104.dds -> PNG (27306 bytes)
  ✅ Processed bamft0002.dds -> PNG (1593 bytes)
  ✅ Processed bamhn0303.dds -> PNG (1823 bytes)
  ✅ Processed bamft0003.dds -> PNG (479 bytes)
  ✅ Processed bamhn0302.dds -> PNG (6521 bytes)
  ✅ Processed bamfa0202.dds -> PNG (26750 bytes)
  ✅ Processed bamhe0505.dds -> PNG (69 bytes)
  ✅ Processed bamhe0007.dds -> PNG (189 bytes)
  ✅ Processed bamhe0101.dds -> PNG (35946 bytes)
  ✅ Processed bamhesk01.dds -> PNG (34141 bytes)
  ✅ Processed bamlg0201.dds -> PNG (42739 bytes)
  ✅ Processed bamhesk54.dds -> PNG (1354 bytes)
  ✅ Processed bamhn0003.dds -> PNG (69 bytes)
  ✅ Processed bamhe0804.dds -> PNG (69 bytes)
  ✅ Processed bamft0204.dds -> PNG (26739 bytes)
  ✅ Processed bamft0302.dds -> PNG (3344 bytes)
  ✅ Processed bamhe0604.dds -> PNG (1361 bytes)
  ✅ Processed bamhesk25.dds -> PNG (1408 bytes)
  ✅ Processed bamua0302.dds -> PNG (31224 bytes)
  ✅ Processed bamlgsk01.dds -> PNG (29660 bytes)
  ✅ Processed bamhe0201.dds -> PNG (38585 bytes)
  ✅ Processed bamlg0101.dds -> PNG (59368 bytes)
  ✅ Processed bamfa0102.dds -> PNG (27611 bytes)
  ✅ Processed bamhesk71.dds -> PNG (35976 bytes)
  ✅ Processed bamfask02.dds -> PNG (18709 bytes)
  ✅ Processed bamhe0605.dds -> PNG (1489 bytes)
  ✅ Processed bamhesk24.dds -> PNG (1516 bytes)
  ✅ Processed bamhn0002.dds -> PNG (69 bytes)
  ✅ Processed bamft0303.dds -> PNG (2072 bytes)
  ✅ Processed bamhe0805.dds -> PNG (69 bytes)
  ✅ Processed bamhe0701.dds -> PNG (35183 bytes)
  ✅ Processed bamua0301.dds -> PNG (8723 bytes)
  ✅ Processed bamlg0103.dds -> PNG (90 bytes)
  ✅ Processed bamhe0305.dds -> PNG (69 bytes)
  ✅ Processed bamlgsk03.dds -> PNG (4449 bytes)
  ✅ Processed bamft0301.dds -> PNG (6712 bytes)
  ✅ Processed bamhesk64.dds -> PNG (1501 bytes)
  ✅ Processed bamhesk31.dds -> PNG (36400 bytes)
  ✅ Processed bamhn0001.dds -> PNG (69 bytes)
  ✅ Processed bamhesk65.dds -> PNG (1408 bytes)
  ✅ Processed bamfa0101.dds -> PNG (27611 bytes)
  ✅ Processed bamfask01.dds -> PNG (18709 bytes)
  ✅ Processed bamhesk08.dds -> PNG (1656 bytes)
  ✅ Processed bamhe0304.dds -> PNG (69 bytes)
  ✅ Processed bamlgsk02.dds -> PNG (17742 bytes)
  ✅ Processed bamlg0102.dds -> PNG (30307 bytes)
  ✅ Processed bamhnsk02.dds -> PNG (4858 bytes)
  ✅ Processed bamhn0102.dds -> PNG (7530 bytes)
  ✅ Processed bamhesk35.dds -> PNG (1408 bytes)
  ✅ Processed bamft0203.dds -> PNG (810 bytes)
  ✅ Processed bamlg0001.dds -> PNG (47534 bytes)
  ✅ Processed bamhe0301.dds -> PNG (37666 bytes)
  ✅ Processed bamhe0705.dds -> PNG (69 bytes)
  ✅ Processed bamfa0002.dds -> PNG (16849 bytes)
  ✅ Processed bamch0201.dds -> PNG (3327 bytes)
  ✅ Processed bamua0202.dds -> PNG (33098 bytes)
  ✅ Processed bamhe0704.dds -> PNG (69 bytes)
  ✅ Processed bamhesk34.dds -> PNG (1501 bytes)
  ✅ Processed bamhn0103.dds -> PNG (1998 bytes)
  ✅ Processed bamhesk61.dds -> PNG (37090 bytes)
  ✅ Processed bamhnsk03.dds -> PNG (1414 bytes)
  ✅ Processed bamft0202.dds -> PNG (2850 bytes)
  ✅ Processed bamft0304.dds -> PNG (28873 bytes)
  ✅ Processed bamhesk21.dds -> PNG (36596 bytes)
  ✅ Processed bamhesk74.dds -> PNG (1490 bytes)
  ✅ Processed bamfa0001.dds -> PNG (16849 bytes)
  ✅ Processed bamhe0008.dds -> PNG (153 bytes)
  ✅ Processed bamlg0002.dds -> PNG (19046 bytes)
  ✅ Processed bamhe0204.dds -> PNG (69 bytes)
  ✅ Processed bamch0203.dds -> PNG (150205 bytes)
  ✅ Processed bamhnsk01.dds -> PNG (5545 bytes)
  ✅ Processed bamhn0101.dds -> PNG (8134 bytes)
  ✅ Processed bamft0201.dds -> PNG (5178 bytes)
  ✅ Processed bamhe0801.dds -> PNG (38312 bytes)
(node:263794) [MODULE_TYPELESS_PACKAGE_JSON] Warning: Module type of file:///home/tommy/eqsage/sage/lib/s3d/s3d-decoder.js is not specified and it doesn't parse as CommonJS.
Reparsing as ES module because module syntax was detected. This incurs a performance overhead.
To eliminate this warning, add "type": "module" to /home/tommy/eqsage/sage/package.json.
(Use `node --trace-warnings ...` to show where the warning was created)
  ✅ Processed palette.bmp -> PNG (15974 bytes)
  ✅ Processed bamua0201.dds -> PNG (9078 bytes)
  ✅ Processed bamhesk75.dds -> PNG (1408 bytes)
  ✅ Processed bamhe0601.dds -> PNG (36558 bytes)
  ✅ Processed bamhe0205.dds -> PNG (69 bytes)
  ✅ Processed bamch0202.dds -> PNG (16830 bytes)
  ✅ Processed bamlg0003.dds -> PNG (69 bytes)
Done processing images globalbam_chr.s3d - 145
🔍 Loading shared animations from global_chr.s3d...
Processing S3D:  global_chr.s3d Skip Images:  false
Processing WLD file - global_chr.wld
Processed - global_chr.s3d
🖼️ Processing 1616 images...
  ✅ Processed trmhe0071.bmp -> PNG (12709 bytes)
  ✅ Processed dwmlg0002.bmp -> PNG (9710 bytes)
  ✅ Processed gnfhe0041.bmp -> PNG (9733 bytes)
  ✅ Processed trfua0201.bmp -> PNG (6648 bytes)
  ✅ Processed humft0101.bmp -> PNG (3543 bytes)
  ✅ Processed homlg0301.bmp -> PNG (17765 bytes)
  ✅ Processed hifhe0011.bmp -> PNG (11940 bytes)
  ✅ Processed hafhe0042.bmp -> PNG (4027 bytes)
  ✅ Processed elfhe0012.bmp -> PNG (3147 bytes)
  ✅ Processed bafch0301.bmp -> PNG (15753 bytes)
  ✅ Processed skehe0001.bmp -> PNG (9156 bytes)
  ✅ Processed ogmhe0062.bmp -> PNG (94 bytes)
  ✅ Processed dafhe0041.bmp -> PNG (9386 bytes)
  ✅ Processed humhe0041.bmp -> PNG (11033 bytes)
  ✅ Processed dwfch0201.bmp -> PNG (19891 bytes)
  ✅ Processed gnfft0101.bmp -> PNG (3957 bytes)
  ✅ Processed erfch0201.bmp -> PNG (21382 bytes)
  ✅ Processed dafft0101.bmp -> PNG (5115 bytes)
  ✅ Processed hofch0102.bmp -> PNG (795 bytes)
  ✅ Processed hafft0102.bmp -> PNG (235 bytes)
  ✅ Processed elfft0001.bmp -> PNG (3108 bytes)
  ✅ Processed eleua0001.bmp -> PNG (11487 bytes)
  ✅ Processed hifft0002.bmp -> PNG (1314 bytes)
  ✅ Processed ogfhn0002.bmp -> PNG (1234 bytes)
  ✅ Processed bamlg0102.bmp -> PNG (4165 bytes)
  ✅ Processed homhe0001.bmp -> PNG (15646 bytes)
  ✅ Processed trfch0202.bmp -> PNG (189 bytes)
  ✅ Processed bamfa0101.bmp -> PNG (4002 bytes)
  ✅ Processed hufhn0202.bmp -> PNG (2693 bytes)
  ✅ Processed clk1001.bmp -> PNG (13374 bytes)
  ✅ Processed bamhe0021.bmp -> PNG (19639 bytes)
  ✅ Processed trmlg0001.bmp -> PNG (17176 bytes)
  ✅ Processed dwmhe0072.bmp -> PNG (5014 bytes)
  ✅ Processed clk0704.bmp -> PNG (3726 bytes)
  ✅ Processed gnmhn0202.bmp -> PNG (1935 bytes)
  ✅ Processed ermhe0072.bmp -> PNG (2227 bytes)
  ✅ Processed hufft0401.bmp -> PNG (4031 bytes)
  ✅ Processed damhn0202.bmp -> PNG (1696 bytes)
  ✅ Processed elmhn0302.bmp -> PNG (2744 bytes)
  ✅ Processed ermfa0001.bmp -> PNG (3886 bytes)
  ✅ Processed hamhn0201.bmp -> PNG (2175 bytes)
  ✅ Processed trflg0003.bmp -> PNG (4038 bytes)
  ✅ Processed ogmft0301.bmp -> PNG (4886 bytes)
  ✅ Processed himhn0301.bmp -> PNG (5698 bytes)
  ✅ Processed hofua0101.bmp -> PNG (4169 bytes)
  ✅ Processed clk0602.bmp -> PNG (695 bytes)
  ✅ Processed dwmfa0001.bmp -> PNG (3151 bytes)
  ✅ Processed trfft0201.bmp -> PNG (5802 bytes)
  ✅ Processed humua0101.bmp -> PNG (5465 bytes)
  ✅ Processed dwfhe0032.bmp -> PNG (4797 bytes)
  ✅ Processed ogmlg0103.bmp -> PNG (3215 bytes)
  ✅ Processed erfhe0032.bmp -> PNG (3629 bytes)
  ✅ Processed ogflg0101.bmp -> PNG (12629 bytes)
  ✅ Processed werhe0007.bmp -> PNG (2666 bytes)
  ✅ Processed bamhn0001.bmp -> PNG (3968 bytes)
  ✅ Processed dwmhn0101.bmp -> PNG (2131 bytes)
  ✅ Processed gnfua0101.bmp -> PNG (3900 bytes)
  ✅ Processed himfa0201.bmp -> PNG (6539 bytes)
  ✅ Processed hufch0402.bmp -> PNG (471 bytes)
  ✅ Processed hamfa0301.bmp -> PNG (3715 bytes)
  ✅ Processed ermhn0101.bmp -> PNG (5242 bytes)
  ✅ Processed homhn0202.bmp -> PNG (1767 bytes)
  ✅ Processed bafhe0061.bmp -> PNG (9840 bytes)
  ✅ Processed elfua0001.bmp -> PNG (3044 bytes)
  ✅ Processed ogmch0302.bmp -> PNG (734 bytes)
  ✅ Processed dafua0101.bmp -> PNG (4950 bytes)
  ✅ Processed trmhn0102.bmp -> PNG (2131 bytes)
  ✅ Processed gnmlg0301.bmp -> PNG (4686 bytes)
  ✅ Processed elflg0203.bmp -> PNG (5995 bytes)
  ✅ Processed humch0102.bmp -> PNG (568 bytes)
  ✅ Processed daflg0303.bmp -> PNG (2750 bytes)
  ✅ Processed erfhn0401.bmp -> PNG (5121 bytes)
  ✅ Processed damlg0301.bmp -> PNG (18798 bytes)
  ✅ Processed hamlg0302.bmp -> PNG (8551 bytes)
  ✅ Processed elmlg0201.bmp -> PNG (13465 bytes)
  ✅ Processed gnflg0303.bmp -> PNG (4901 bytes)
  ✅ Processed himlg0202.bmp -> PNG (11638 bytes)
  ✅ Processed hofhe0041.bmp -> PNG (9667 bytes)
  ✅ Processed bafft0302.bmp -> PNG (94 bytes)
  ✅ Processed hufua0401.bmp -> PNG (4295 bytes)
  ✅ Processed himhe0004.bmp -> PNG (2588 bytes)
  ✅ Processed trfhe0031.bmp -> PNG (14580 bytes)
  ✅ Processed dwfft0202.bmp -> PNG (196 bytes)
  ✅ Processed clk0802.bmp -> PNG (599 bytes)
  ✅ Processed gnmhe0001.bmp -> PNG (7487 bytes)
  ✅ Processed huflg0301.bmp -> PNG (12938 bytes)
  ✅ Processed erfft0202.bmp -> PNG (6576 bytes)
  ✅ Processed gnfch0102.bmp -> PNG (904 bytes)
  ✅ Processed hafch0101.bmp -> PNG (13385 bytes)
  ✅ Processed clk0904.bmp -> PNG (3735 bytes)
  ✅ Processed elfch0002.bmp -> PNG (511 bytes)
  ✅ Processed hofft0101.bmp -> PNG (6586 bytes)
  ✅ Processed ogmua0301.bmp -> PNG (4873 bytes)
  ✅ Processed dafch0102.bmp -> PNG (1318 bytes)
  ✅ Processed himhe0051.bmp -> PNG (14477 bytes)
  ✅ Processed humlg0303.bmp -> PNG (4503 bytes)
  ✅ Processed gnfhe0003.bmp -> PNG (2588 bytes)
  ✅ Processed elmhe0052.bmp -> PNG (70 bytes)
  ✅ Processed hifch0001.bmp -> PNG (12283 bytes)
  ✅ Processed ogfhe0022.bmp -> PNG (4570 bytes)
  ✅ Processed damhe0001.bmp -> PNG (20615 bytes)
  ✅ Processed daffa0301.bmp -> PNG (3624 bytes)
  ✅ Processed humch0401.bmp -> PNG (15658 bytes)
  ✅ Processed elffa0201.bmp -> PNG (4230 bytes)
  ✅ Processed erfhn0102.bmp -> PNG (1287 bytes)
  ✅ Processed dwfhn0102.bmp -> PNG (1188 bytes)
  ✅ Processed ogfch0301.bmp -> PNG (18891 bytes)
  ✅ Processed bamhe0062.bmp -> PNG (107 bytes)
  ✅ Processed hamua0101.bmp -> PNG (3929 bytes)
  ✅ Processed himua0001.bmp -> PNG (4632 bytes)
  ✅ Processed chain01.bmp -> PNG (12413 bytes)
  ✅ Processed gnffa0301.bmp -> PNG (4688 bytes)
  ✅ Processed hofhn0201.bmp -> PNG (4567 bytes)
  ✅ Processed ermhe0031.bmp -> PNG (7427 bytes)
  ✅ Processed werch0001.bmp -> PNG (46286 bytes)
  ✅ Processed dwmhe0031.bmp -> PNG (11507 bytes)
  ✅ Processed trmft0202.bmp -> PNG (7038 bytes)
  ✅ Processed werhe0006.bmp -> PNG (252 bytes)
  ✅ Processed helm1.bmp -> PNG (1519 bytes)
  ✅ Processed bafhn0002.bmp -> PNG (1252 bytes)
  ✅ Processed ogmlg0102.bmp -> PNG (8222 bytes)
  ✅ Processed humfa0301.bmp -> PNG (4083 bytes)
  ✅ Processed gnmch0101.bmp -> PNG (7998 bytes)
  ✅ Processed clk0905.bmp -> PNG (12370 bytes)
  ✅ Processed elfhe0004.bmp -> PNG (2421 bytes)
  ✅ Processed humlg0302.bmp -> PNG (9218 bytes)
  ✅ Processed ermft0201.bmp -> PNG (2349 bytes)
  ✅ Processed hamhe0003.bmp -> PNG (2553 bytes)
  ✅ Processed gnfhe0002.bmp -> PNG (3171 bytes)
  ✅ Processed ogmfa0101.bmp -> PNG (4500 bytes)
  ✅ Processed dwmft0201.bmp -> PNG (5750 bytes)
  ✅ Processed trmhe0032.bmp -> PNG (597 bytes)
  ✅ Processed himch0002.bmp -> PNG (959 bytes)
  ✅ Processed dafhe0002.bmp -> PNG (5899 bytes)
  ✅ Processed ogmhe0021.bmp -> PNG (12133 bytes)
  ✅ Processed hafhe0001.bmp -> PNG (7896 bytes)
  ✅ Processed elfhe0051.bmp -> PNG (8690 bytes)
  ✅ Processed clk0803.bmp -> PNG (3838 bytes)
  ✅ Processed damch0101.bmp -> PNG (19174 bytes)
  ✅ Processed elehn0301.bmp -> PNG (3341 bytes)
  ✅ Processed hifhe0052.bmp -> PNG (1798 bytes)
  ✅ Processed elmch0001.bmp -> PNG (13597 bytes)
  ✅ Processed hamch0102.bmp -> PNG (878 bytes)
  ✅ Processed homft0102.bmp -> PNG (6436 bytes)
  ✅ Processed hufch0101.bmp -> PNG (9802 bytes)
  ✅ Processed gnflg0302.bmp -> PNG (9639 bytes)
  ✅ Processed hamlg0303.bmp -> PNG (5297 bytes)
  ✅ Processed trfhn0101.bmp -> PNG (4624 bytes)
  ✅ Processed himlg0203.bmp -> PNG (6689 bytes)
  ✅ Processed humhe0002.bmp -> PNG (95 bytes)
  ✅ Processed homhe0042.bmp -> PNG (95 bytes)
  ✅ Processed bamft0301.bmp -> PNG (3715 bytes)
  ✅ Processed hiflg0201.bmp -> PNG (14731 bytes)
  ✅ Processed elflg0202.bmp -> PNG (12177 bytes)
  ✅ Processed haflg0301.bmp -> PNG (17350 bytes)
  ✅ Processed daflg0302.bmp -> PNG (9653 bytes)
  ✅ Processed skeft0102.bmp -> PNG (4821 bytes)
  ✅ Processed ermch0202.bmp -> PNG (1362 bytes)
  ✅ Processed gnmft0102.bmp -> PNG (238 bytes)
  ✅ Processed elefa0201.bmp -> PNG (4764 bytes)
  ✅ Processed dwmch0202.bmp -> PNG (1633 bytes)
  ✅ Processed hufhe0042.bmp -> PNG (3508 bytes)
  ✅ Processed bamlg0103.bmp -> PNG (3192 bytes)
  ✅ Processed baflg0101.bmp -> PNG (17047 bytes)
  ✅ Processed hofhe0002.bmp -> PNG (4646 bytes)
  ✅ Processed ogmhn0001.bmp -> PNG (4533 bytes)
  ✅ Processed himft0001.bmp -> PNG (4321 bytes)
  ✅ Processed homch0101.bmp -> PNG (13869 bytes)
  ✅ Processed elmft0002.bmp -> PNG (95 bytes)
  ✅ Processed hamft0101.bmp -> PNG (4306 bytes)
  ✅ Processed damft0102.bmp -> PNG (175 bytes)
  ✅ Processed erflg0001.bmp -> PNG (10068 bytes)
  ✅ Processed hufft0102.bmp -> PNG (195 bytes)
  ✅ Processed gnmhe0042.bmp -> PNG (4666 bytes)
  ✅ Processed trfhe0072.bmp -> PNG (727 bytes)
  ✅ Processed dwflg0001.bmp -> PNG (12109 bytes)
  ✅ Processed damhe0042.bmp -> PNG (94 bytes)
  ✅ Processed ogfhe0061.bmp -> PNG (10048 bytes)
  ✅ Processed dwmlg0003.bmp -> PNG (4834 bytes)
  ✅ Processed bamch0302.bmp -> PNG (1526 bytes)
  ✅ Processed hamhe0041.bmp -> PNG (15060 bytes)
  ✅ Processed trffa0001.bmp -> PNG (4663 bytes)
  ✅ Processed elmhe0011.bmp -> PNG (13115 bytes)
  ✅ Processed himhe0012.bmp -> PNG (4146 bytes)
  ✅ Processed skech0101.bmp -> PNG (32108 bytes)
  ✅ Processed dwmua0201.bmp -> PNG (6295 bytes)
  ✅ Processed humft0402.bmp -> PNG (163 bytes)
  ✅ Processed erfhe0071.bmp -> PNG (7982 bytes)
  ✅ Processed hoffa0301.bmp -> PNG (3901 bytes)
  ✅ Processed gnfhn0201.bmp -> PNG (4551 bytes)
  ✅ Processed ermua0201.bmp -> PNG (6585 bytes)
  ✅ Processed trflg0002.bmp -> PNG (7236 bytes)
  ✅ Processed dwfhe0071.bmp -> PNG (9505 bytes)
  ✅ Processed clk0603.bmp -> PNG (3051 bytes)
  ✅ Processed hifhn0302.bmp -> PNG (2708 bytes)
  ✅ Processed ogfft0302.bmp -> PNG (10054 bytes)
  ✅ Processed clk0705.bmp -> PNG (14424 bytes)
  ✅ Processed hafhn0202.bmp -> PNG (1710 bytes)
  ✅ Processed elfhn0301.bmp -> PNG (5550 bytes)
  ✅ Processed dafhn0201.bmp -> PNG (3881 bytes)
  ✅ Processed humhn0201.bmp -> PNG (3724 bytes)
  ✅ Processed werft0002.bmp -> PNG (1275 bytes)
  ✅ Processed trmch0201.bmp -> PNG (21655 bytes)
  ✅ Processed bafhe0022.bmp -> PNG (4239 bytes)
  ✅ Processed elelg0202.bmp -> PNG (9798 bytes)
  ✅ Processed bamua0301.bmp -> PNG (5354 bytes)
  ✅ Processed elmlg0202.bmp -> PNG (9694 bytes)
  ✅ Processed hamlg0301.bmp -> PNG (3854 bytes)
  ✅ Processed damlg0302.bmp -> PNG (10431 bytes)
  ✅ Processed bafft0301.bmp -> PNG (3595 bytes)
  ✅ Processed hofhe0042.bmp -> PNG (4800 bytes)
  ✅ Processed himlg0201.bmp -> PNG (8062 bytes)
  ✅ Processed hiflg0203.bmp -> PNG (5578 bytes)
  ✅ Processed trmhn0101.bmp -> PNG (4628 bytes)
  ✅ Processed humch0101.bmp -> PNG (15014 bytes)
  ✅ Processed haflg0303.bmp -> PNG (4793 bytes)
  ✅ Processed gnmlg0302.bmp -> PNG (8841 bytes)
  ✅ Processed himhe0052.bmp -> PNG (2893 bytes)
  ✅ Processed dafch0101.bmp -> PNG (11420 bytes)
  ✅ Processed hofft0102.bmp -> PNG (6586 bytes)
  ✅ Processed elfch0001.bmp -> PNG (9169 bytes)
  ✅ Processed hafch0102.bmp -> PNG (724 bytes)
  ✅ Processed ogfhe0021.bmp -> PNG (10554 bytes)
  ✅ Processed hifch0002.bmp -> PNG (829 bytes)
  ✅ Processed elmhe0051.bmp -> PNG (10808 bytes)
  ✅ Processed hamhe0001.bmp -> PNG (10828 bytes)
  ✅ Processed gnmhe0002.bmp -> PNG (4875 bytes)
  ✅ Processed ogffa0101.bmp -> PNG (3831 bytes)
  ✅ Processed clk0801.bmp -> PNG (13906 bytes)
  ✅ Processed dwfft0201.bmp -> PNG (3891 bytes)
  ✅ Processed trfhe0032.bmp -> PNG (727 bytes)
  ✅ Processed gnfch0101.bmp -> PNG (8339 bytes)
  ✅ Processed erfft0201.bmp -> PNG (2436 bytes)
  ✅ Processed huflg0302.bmp -> PNG (8352 bytes)
  ✅ Processed huffa0301.bmp -> PNG (4470 bytes)
  ✅ Processed bamhn0002.bmp -> PNG (1253 bytes)
  ✅ Processed werhe0004.bmp -> PNG (800 bytes)
  ✅ Processed ogflg0102.bmp -> PNG (6927 bytes)
  ✅ Processed dwfhe0031.bmp -> PNG (10485 bytes)
  ✅ Processed trfft0202.bmp -> PNG (10822 bytes)
  ✅ Processed helm3.bmp -> PNG (2527 bytes)
  ✅ Processed erfhe0031.bmp -> PNG (6830 bytes)
  ✅ Processed gnmfa0301.bmp -> PNG (4716 bytes)
  ✅ Processed hifua0001.bmp -> PNG (3094 bytes)
  ✅ Processed homhn0201.bmp -> PNG (4724 bytes)
  ✅ Processed ogmch0301.bmp -> PNG (21388 bytes)
  ✅ Processed bafhe0062.bmp -> PNG (5134 bytes)
  ✅ Processed hafua0101.bmp -> PNG (3811 bytes)
  ✅ Processed dwmhn0102.bmp -> PNG (1427 bytes)
  ✅ Processed helm24.bmp -> PNG (8556 bytes)
  ✅ Processed damfa0301.bmp -> PNG (3268 bytes)
  ✅ Processed elmfa0201.bmp -> PNG (5292 bytes)
  ✅ Processed ermhn0102.bmp -> PNG (2124 bytes)
  ✅ Processed hufch0401.bmp -> PNG (11375 bytes)
  ✅ Processed bafua0301.bmp -> PNG (5102 bytes)
  ✅ Processed bamhe0022.bmp -> PNG (107 bytes)
  ✅ Processed clk1002.bmp -> PNG (1055 bytes)
  ✅ Processed trfch0201.bmp -> PNG (19135 bytes)
  ✅ Processed hufhn0201.bmp -> PNG (5601 bytes)
  ✅ Processed hamhn0202.bmp -> PNG (982 bytes)
  ✅ Processed elmhn0301.bmp -> PNG (5358 bytes)
  ✅ Processed damhn0201.bmp -> PNG (3659 bytes)
  ✅ Processed elech0001.bmp -> PNG (27916 bytes)
  ✅ Processed clk0601.bmp -> PNG (14564 bytes)
  ✅ Processed himhn0302.bmp -> PNG (2834 bytes)
  ✅ Processed ogmft0302.bmp -> PNG (9425 bytes)
  ✅ Processed trmlg0002.bmp -> PNG (6208 bytes)
  ✅ Processed dwmhe0071.bmp -> PNG (10919 bytes)
  ✅ Processed erfua0201.bmp -> PNG (4908 bytes)
  ✅ Processed homfa0301.bmp -> PNG (3868 bytes)
  ✅ Processed ermhe0071.bmp -> PNG (7441 bytes)
  ✅ Processed hufft0402.bmp -> PNG (211 bytes)
  ✅ Processed dwfua0201.bmp -> PNG (5346 bytes)
  ✅ Processed gnmhn0201.bmp -> PNG (4357 bytes)
  ✅ Processed hifhe0012.bmp -> PNG (1941 bytes)
  ✅ Processed homlg0302.bmp -> PNG (10695 bytes)
  ✅ Processed dwflg0003.bmp -> PNG (4317 bytes)
  ✅ Processed magecap1.bmp -> PNG (2681 bytes)
  ✅ Processed ogmhe0061.bmp -> PNG (12054 bytes)
  ✅ Processed dafhe0042.bmp -> PNG (5899 bytes)
  ✅ Processed skech0005.bmp -> PNG (4557 bytes)
  ✅ Processed bafch0302.bmp -> PNG (1526 bytes)
  ✅ Processed elfhe0011.bmp -> PNG (8802 bytes)
  ✅ Processed trmfa0001.bmp -> PNG (4168 bytes)
  ✅ Processed hafhe0041.bmp -> PNG (8491 bytes)
  ✅ Processed gnfhe0042.bmp -> PNG (2467 bytes)
  ✅ Processed trmhe0072.bmp -> PNG (597 bytes)
  ✅ Processed dwmlg0001.bmp -> PNG (4998 bytes)
  ✅ Processed humft0102.bmp -> PNG (89 bytes)
  ✅ Processed ermlg0001.bmp -> PNG (18825 bytes)
  ✅ Processed skech0103.bmp -> PNG (708 bytes)
  ✅ Processed elfft0002.bmp -> PNG (192 bytes)
  ✅ Processed hafft0101.bmp -> PNG (4167 bytes)
  ✅ Processed hofch0101.bmp -> PNG (8365 bytes)
  ✅ Processed dafft0102.bmp -> PNG (94 bytes)
  ✅ Processed bamlg0101.bmp -> PNG (13078 bytes)
  ✅ Processed ogfhn0001.bmp -> PNG (2390 bytes)
  ✅ Processed hifft0001.bmp -> PNG (2005 bytes)
  ✅ Processed dwfch0202.bmp -> PNG (1308 bytes)
  ✅ Processed humhe0042.bmp -> PNG (95 bytes)
  ✅ Processed baflg0103.bmp -> PNG (4478 bytes)
  ✅ Processed erfch0202.bmp -> PNG (1244 bytes)
  ✅ Processed gnfft0102.bmp -> PNG (1216 bytes)
  ✅ Processed ogfft0301.bmp -> PNG (5630 bytes)
  ✅ Processed hifhn0301.bmp -> PNG (5562 bytes)
  ✅ Processed trmlg0003.bmp -> PNG (4038 bytes)
  ✅ Processed dwffa0001.bmp -> PNG (3255 bytes)
  ✅ Processed homua0101.bmp -> PNG (4251 bytes)
  ✅ Processed dafhn0202.bmp -> PNG (1966 bytes)
  ✅ Processed elfhn0302.bmp -> PNG (2709 bytes)
  ✅ Processed clk0706.bmp -> PNG (1943 bytes)
  ✅ Processed hafhn0201.bmp -> PNG (4292 bytes)
  ✅ Processed erffa0001.bmp -> PNG (2661 bytes)
  ✅ Processed gnfhn0202.bmp -> PNG (1643 bytes)
  ✅ Processed humft0401.bmp -> PNG (800 bytes)
  ✅ Processed erfhe0072.bmp -> PNG (3629 bytes)
  ✅ Processed trflg0001.bmp -> PNG (15338 bytes)
  ✅ Processed dwfhe0072.bmp -> PNG (4293 bytes)
  ✅ Processed bafhe0021.bmp -> PNG (9889 bytes)
  ✅ Processed skeua0101.bmp -> PNG (4443 bytes)
  ✅ Processed elelg0201.bmp -> PNG (5271 bytes)
  ✅ Processed humhn0202.bmp -> PNG (1222 bytes)
  ✅ Processed trmch0202.bmp -> PNG (94 bytes)
  ✅ Processed baffa0101.bmp -> PNG (4329 bytes)
  ✅ Processed werft0001.bmp -> PNG (9431 bytes)
  ✅ Processed clk1003.bmp -> PNG (4078 bytes)
  ✅ Processed himft0002.bmp -> PNG (93 bytes)
  ✅ Processed ogmhn0002.bmp -> PNG (2386 bytes)
  ✅ Processed hofhe0001.bmp -> PNG (9271 bytes)
  ✅ Processed baflg0102.bmp -> PNG (6688 bytes)
  ✅ Processed damft0101.bmp -> PNG (4853 bytes)
  ✅ Processed hamft0102.bmp -> PNG (115 bytes)
  ✅ Processed elmft0001.bmp -> PNG (3285 bytes)
  ✅ Processed homch0102.bmp -> PNG (1272 bytes)
  ✅ Processed gnmft0101.bmp -> PNG (2668 bytes)
  ✅ Processed ermch0201.bmp -> PNG (19908 bytes)
  ✅ Processed hufhe0041.bmp -> PNG (8937 bytes)
  ✅ Processed dwmch0201.bmp -> PNG (11643 bytes)
  ✅ Processed elmhe0012.bmp -> PNG (95 bytes)
  ✅ Processed hamhe0042.bmp -> PNG (94 bytes)
  ✅ Processed bamch0301.bmp -> PNG (15434 bytes)
  ✅ Processed damhe0041.bmp -> PNG (13437 bytes)
  ✅ Processed ogfhe0062.bmp -> PNG (4798 bytes)
  ✅ Processed hoflg0301.bmp -> PNG (16932 bytes)
  ✅ Processed skech0102.bmp -> PNG (1514 bytes)
  ✅ Processed himhe0011.bmp -> PNG (13912 bytes)
  ✅ Processed hufft0101.bmp -> PNG (4236 bytes)
  ✅ Processed trmua0201.bmp -> PNG (5951 bytes)
  ✅ Processed erflg0002.bmp -> PNG (1617 bytes)
  ✅ Processed homlg0303.bmp -> PNG (4203 bytes)
  ✅ Processed skech0004.bmp -> PNG (1558 bytes)
  ✅ Processed trfhe0071.bmp -> PNG (11063 bytes)
  ✅ Processed dwflg0002.bmp -> PNG (6017 bytes)
  ✅ Processed gnmhe0041.bmp -> PNG (9209 bytes)
  ✅ Processed elfhe0052.bmp -> PNG (4127 bytes)
  ✅ Processed hafhe0002.bmp -> PNG (1810 bytes)
  ✅ Processed gnmhe0003.bmp -> PNG (2016 bytes)
  ✅ Processed dafhe0001.bmp -> PNG (9354 bytes)
  ✅ Processed ogmhe0022.bmp -> PNG (94 bytes)
  ✅ Processed himch0001.bmp -> PNG (14847 bytes)
  ✅ Processed homft0101.bmp -> PNG (3903 bytes)
  ✅ Processed hamch0101.bmp -> PNG (17271 bytes)
  ✅ Processed elmch0002.bmp -> PNG (940 bytes)
  ✅ Processed hifhe0051.bmp -> PNG (12094 bytes)
  ✅ Processed elehn0302.bmp -> PNG (1492 bytes)
  ✅ Processed huflg0303.bmp -> PNG (4159 bytes)
  ✅ Processed ogfua0301.bmp -> PNG (5069 bytes)
  ✅ Processed damch0102.bmp -> PNG (1298 bytes)
  ✅ Processed ermft0202.bmp -> PNG (2026 bytes)
  ✅ Processed humlg0301.bmp -> PNG (18487 bytes)
  ✅ Processed clk0906.bmp -> PNG (2003 bytes)
  ✅ Processed gnmch0102.bmp -> PNG (842 bytes)
  ✅ Processed trmhe0031.bmp -> PNG (10986 bytes)
  ✅ Processed hifhe0004.bmp -> PNG (2466 bytes)
  ✅ Processed dwmft0202.bmp -> PNG (212 bytes)
  ✅ Processed humua0401.bmp -> PNG (3645 bytes)
  ✅ Processed gnfhe0001.bmp -> PNG (9199 bytes)
  ✅ Processed hiflg0202.bmp -> PNG (10852 bytes)
  ✅ Processed bamft0302.bmp -> PNG (93 bytes)
  ✅ Processed homhe0041.bmp -> PNG (16751 bytes)
  ✅ Processed daflg0301.bmp -> PNG (10663 bytes)
  ✅ Processed skeft0101.bmp -> PNG (3926 bytes)
  ✅ Processed gnmlg0303.bmp -> PNG (4246 bytes)
  ✅ Processed haflg0302.bmp -> PNG (9374 bytes)
  ✅ Processed elflg0201.bmp -> PNG (19765 bytes)
  ✅ Processed elmlg0203.bmp -> PNG (4949 bytes)
  ✅ Processed gnflg0301.bmp -> PNG (15514 bytes)
  ✅ Processed ermhn0401.bmp -> PNG (2333 bytes)
  ✅ Processed damlg0303.bmp -> PNG (4560 bytes)
  ✅ Processed hufch0102.bmp -> PNG (779 bytes)
  ✅ Processed werua0001.bmp -> PNG (9954 bytes)
  ✅ Processed humhe0001.bmp -> PNG (18469 bytes)
  ✅ Processed trfhn0102.bmp -> PNG (2096 bytes)
  ✅ Processed bamhe0061.bmp -> PNG (18059 bytes)
  ✅ Processed elmua0001.bmp -> PNG (4150 bytes)
  ✅ Processed ogfch0302.bmp -> PNG (602 bytes)
  ✅ Processed damua0101.bmp -> PNG (4830 bytes)
  ✅ Processed hofhn0202.bmp -> PNG (2646 bytes)
  ✅ Processed chain02.bmp -> PNG (12914 bytes)
  ✅ Processed erfhn0101.bmp -> PNG (3777 bytes)
  ✅ Processed haffa0301.bmp -> PNG (3733 bytes)
  ✅ Processed humch0402.bmp -> PNG (643 bytes)
  ✅ Processed dwfhn0101.bmp -> PNG (5347 bytes)
  ✅ Processed hiffa0201.bmp -> PNG (5812 bytes)
  ✅ Processed gnmua0101.bmp -> PNG (4116 bytes)
  ✅ Processed ogmlg0101.bmp -> PNG (16581 bytes)
  ✅ Processed bafhn0001.bmp -> PNG (2616 bytes)
  ✅ Processed ermhe0032.bmp -> PNG (2227 bytes)
  ✅ Processed hufua0101.bmp -> PNG (3333 bytes)
  ✅ Processed werhe0005.bmp -> PNG (1514 bytes)
  ✅ Processed trmft0201.bmp -> PNG (4112 bytes)
  ✅ Processed dwmhe0032.bmp -> PNG (5067 bytes)
  ✅ Processed skech0001.bmp -> PNG (37439 bytes)
  ✅ Processed himhe0041.bmp -> PNG (19676 bytes)
  ✅ Processed dwmlg0103.bmp -> PNG (3258 bytes)
  ✅ Processed damhe0011.bmp -> PNG (11737 bytes)
  ✅ Processed ogfhe0032.bmp -> PNG (4490 bytes)
  ✅ Processed hamhe0012.bmp -> PNG (94 bytes)
  ✅ Processed bamch0202.bmp -> PNG (1613 bytes)
  ✅ Processed elmhe0042.bmp -> PNG (70 bytes)
  ✅ Processed trffa0101.bmp -> PNG (4359 bytes)
  ✅ Processed ivmhe0001.bmp -> PNG (90 bytes)
  ✅ Processed gnmhe0011.bmp -> PNG (9654 bytes)
  ✅ Processed dwflg0101.bmp -> PNG (15129 bytes)
  ✅ Processed trfhe0021.bmp -> PNG (11305 bytes)
  ✅ Processed hufft0002.bmp -> PNG (94 bytes)
  ✅ Processed erflg0101.bmp -> PNG (15121 bytes)
  ✅ Processed elmft0102.bmp -> PNG (95 bytes)
  ✅ Processed hamft0001.bmp -> PNG (3044 bytes)
  ✅ Processed homch0001.bmp -> PNG (14750 bytes)
  ✅ Processed damft0002.bmp -> PNG (104 bytes)
  ✅ Processed hofhe0051.bmp -> PNG (9296 bytes)
  ✅ Processed baflg0001.bmp -> PNG (24461 bytes)
  ✅ Processed ogmhn0101.bmp -> PNG (4385 bytes)
  ✅ Processed himft0101.bmp -> PNG (3130 bytes)
  ✅ Processed dwmch0302.bmp -> PNG (1381 bytes)
  ✅ Processed hufhe0011.bmp -> PNG (10413 bytes)
  ✅ Processed bamlg0003.bmp -> PNG (1921 bytes)
  ✅ Processed helm18.bmp -> PNG (8071 bytes)
  ✅ Processed ermch0302.bmp -> PNG (891 bytes)
  ✅ Processed gnmft0002.bmp -> PNG (182 bytes)
  ✅ Processed elefa0301.bmp -> PNG (2452 bytes)
  ✅ Processed elelg0302.bmp -> PNG (5074 bytes)
  ✅ Processed bamua0201.bmp -> PNG (6984 bytes)
  ✅ Processed clk1006.bmp -> PNG (1618 bytes)
  ✅ Processed bafhe0071.bmp -> PNG (9425 bytes)
  ✅ Processed trmch0301.bmp -> PNG (18267 bytes)
  ✅ Processed humhn0301.bmp -> PNG (5562 bytes)
  ✅ Processed clk0605.bmp -> PNG (15799 bytes)
  ✅ Processed hafhn0302.bmp -> PNG (2709 bytes)
  ✅ Processed elfhn0201.bmp -> PNG (4997 bytes)
  ✅ Processed dafhn0301.bmp -> PNG (5678 bytes)
  ✅ Processed hifhn0202.bmp -> PNG (1567 bytes)
  ✅ Processed ogfft0202.bmp -> PNG (11383 bytes)
  ✅ Processed dwfhe0022.bmp -> PNG (4595 bytes)
  ✅ Processed trflg0102.bmp -> PNG (7010 bytes)
  ✅ Processed ermua0301.bmp -> PNG (3866 bytes)
  ✅ Processed clk0703.bmp -> PNG (3984 bytes)
  ✅ Processed erfhe0022.bmp -> PNG (5148 bytes)
  ✅ Processed hoffa0201.bmp -> PNG (5182 bytes)
  ✅ Processed dwmua0301.bmp -> PNG (4692 bytes)
  ✅ Processed ermlg0401.bmp -> PNG (23320 bytes)
  ✅ Processed gnfhn0301.bmp -> PNG (5752 bytes)
  ✅ Processed humfa0201.bmp -> PNG (4465 bytes)
  ✅ Processed bafhn0102.bmp -> PNG (1035 bytes)
  ✅ Processed ogmlg0002.bmp -> PNG (6772 bytes)
  ✅ Processed trmft0302.bmp -> PNG (10003 bytes)
  ✅ Processed dwmhe0062.bmp -> PNG (5004 bytes)
  ✅ Processed ermhe0062.bmp -> PNG (2227 bytes)
  ✅ Processed helm7.bmp -> PNG (766 bytes)
  ✅ Processed gnffa0201.bmp -> PNG (4130 bytes)
  ✅ Processed himua0101.bmp -> PNG (3162 bytes)
  ✅ Processed hofhn0301.bmp -> PNG (5712 bytes)
  ✅ Processed ogfch0201.bmp -> PNG (20450 bytes)
  ✅ Processed bamhe0031.bmp -> PNG (19685 bytes)
  ✅ Processed hamua0001.bmp -> PNG (3425 bytes)
  ✅ Processed dwfhn0002.bmp -> PNG (1662 bytes)
  ✅ Processed daffa0201.bmp -> PNG (3730 bytes)
  ✅ Processed helm20.bmp -> PNG (2590 bytes)
  ✅ Processed elffa0301.bmp -> PNG (4327 bytes)
  ✅ Processed erfhn0002.bmp -> PNG (1752 bytes)
  ✅ Processed elflg0302.bmp -> PNG (8757 bytes)
  ✅ Processed haflg0201.bmp -> PNG (17544 bytes)
  ✅ Processed daflg0202.bmp -> PNG (9222 bytes)
  ✅ Processed skeft0002.bmp -> PNG (4844 bytes)
  ✅ Processed bamft0201.bmp -> PNG (6359 bytes)
  ✅ Processed homhe0011.bmp -> PNG (18592 bytes)
  ✅ Processed hiflg0301.bmp -> PNG (24128 bytes)
  ✅ Processed himlg0303.bmp -> PNG (5134 bytes)
  ✅ Processed humhe0051.bmp -> PNG (18696 bytes)
  ✅ Processed trfhn0001.bmp -> PNG (4554 bytes)
  ✅ Processed hufch0001.bmp -> PNG (11147 bytes)
  ✅ Processed hamlg0203.bmp -> PNG (4574 bytes)
  ✅ Processed gnflg0202.bmp -> PNG (8762 bytes)
  ✅ Processed hifhe0001.bmp -> PNG (15164 bytes)
  ✅ Processed elehn0201.bmp -> PNG (5256 bytes)
  ✅ Processed damch0001.bmp -> PNG (10489 bytes)
  ✅ Processed homft0002.bmp -> PNG (9010 bytes)
  ✅ Processed elmch0101.bmp -> PNG (14545 bytes)
  ✅ Processed hamch0002.bmp -> PNG (878 bytes)
  ✅ Processed dafhe0051.bmp -> PNG (9878 bytes)
  ✅ Processed ogmhe0072.bmp -> PNG (94 bytes)
  ✅ Processed himch0102.bmp -> PNG (959 bytes)
  ✅ Processed clk0903.bmp -> PNG (3005 bytes)
  ✅ Processed hafhe0052.bmp -> PNG (1138 bytes)
  ✅ Processed elfhe0002.bmp -> PNG (3276 bytes)
  ✅ Processed gnfhe0051.bmp -> PNG (9566 bytes)
  ✅ Processed ogmfa0001.bmp -> PNG (3974 bytes)
  ✅ Processed trmhe0061.bmp -> PNG (11802 bytes)
  ✅ Processed dwmft0301.bmp -> PNG (4151 bytes)
  ✅ Processed clk0805.bmp -> PNG (16983 bytes)
  ✅ Processed gnmch0001.bmp -> PNG (9904 bytes)
  ✅ Processed ermft0301.bmp -> PNG (2743 bytes)
  ✅ Processed dafhe0004.bmp -> PNG (2025 bytes)
  ✅ Processed humlg0202.bmp -> PNG (8723 bytes)
  ✅ Processed bafhe0032.bmp -> PNG (4698 bytes)
  ✅ Processed elfua0101.bmp -> PNG (2444 bytes)
  ✅ Processed ogmch0202.bmp -> PNG (734 bytes)
  ✅ Processed dafua0001.bmp -> PNG (2719 bytes)
  ✅ Processed homhn0302.bmp -> PNG (2834 bytes)
  ✅ Processed helm21.bmp -> PNG (1948 bytes)
  ✅ Processed hamfa0201.bmp -> PNG (3865 bytes)
  ✅ Processed ermhn0001.bmp -> PNG (3674 bytes)
  ✅ Processed dwmhn0001.bmp -> PNG (4154 bytes)
  ✅ Processed himfa0301.bmp -> PNG (3431 bytes)
  ✅ Processed gnfua0001.bmp -> PNG (4542 bytes)
  ✅ Processed ogflg0001.bmp -> PNG (13845 bytes)
  ✅ Processed bamhn0101.bmp -> PNG (2273 bytes)
  ✅ Processed werhe0001.bmp -> PNG (41542 bytes)
  ✅ Processed erfhe0061.bmp -> PNG (7788 bytes)
  ✅ Processed ogmlg0003.bmp -> PNG (3508 bytes)
  ✅ Processed dwfhe0061.bmp -> PNG (9314 bytes)
  ✅ Processed trfft0301.bmp -> PNG (4513 bytes)
  ✅ Processed humua0001.bmp -> PNG (3383 bytes)
  ✅ Processed hamhe0051.bmp -> PNG (16944 bytes)
  ✅ Processed elmhe0001.bmp -> PNG (16429 bytes)
  ✅ Processed ogfhe0071.bmp -> PNG (10667 bytes)
  ✅ Processed damhe0052.bmp -> PNG (94 bytes)
  ✅ Processed hifch0101.bmp -> PNG (15070 bytes)
  ✅ Processed hofft0001.bmp -> PNG (6586 bytes)
  ✅ Processed hafch0001.bmp -> PNG (9256 bytes)
  ✅ Processed clk0804.bmp -> PNG (3266 bytes)
  ✅ Processed elfch0102.bmp -> PNG (1258 bytes)
  ✅ Processed himhe0002.bmp -> PNG (2893 bytes)
  ✅ Processed humlg0203.bmp -> PNG (4417 bytes)
  ✅ Processed ogmua0201.bmp -> PNG (4536 bytes)
  ✅ Processed dafch0002.bmp -> PNG (594 bytes)
  ✅ Processed erfft0302.bmp -> PNG (8807 bytes)
  ✅ Processed huflg0201.bmp -> PNG (21951 bytes)
  ✅ Processed gnfch0002.bmp -> PNG (938 bytes)
  ✅ Processed dwfft0302.bmp -> PNG (222 bytes)
  ✅ Processed trfhe0062.bmp -> PNG (727 bytes)
  ✅ Processed gnmhe0052.bmp -> PNG (4666 bytes)
  ✅ Processed clk0902.bmp -> PNG (130 bytes)
  ✅ Processed himlg0302.bmp -> PNG (12485 bytes)
  ✅ Processed bafft0202.bmp -> PNG (94 bytes)
  ✅ Processed hofhe0012.bmp -> PNG (5924 bytes)
  ✅ Processed damlg0201.bmp -> PNG (11041 bytes)
  ✅ Processed gnflg0203.bmp -> PNG (4626 bytes)
  ✅ Processed hamlg0202.bmp -> PNG (9345 bytes)
  ✅ Processed elmlg0301.bmp -> PNG (10850 bytes)
  ✅ Processed elflg0303.bmp -> PNG (4772 bytes)
  ✅ Processed gnmlg0201.bmp -> PNG (5757 bytes)
  ✅ Processed daflg0203.bmp -> PNG (5023 bytes)
  ✅ Processed humch0002.bmp -> PNG (568 bytes)
  ✅ Processed hufhe0052.bmp -> PNG (1812 bytes)
  ✅ Processed trmhn0002.bmp -> PNG (2131 bytes)
  ✅ Processed hifft0102.bmp -> PNG (95 bytes)
  ✅ Processed ogfhn0102.bmp -> PNG (1234 bytes)
  ✅ Processed eleua0101.bmp -> PNG (15261 bytes)
  ✅ Processed homhe0052.bmp -> PNG (95 bytes)
  ✅ Processed helm19.bmp -> PNG (2661 bytes)
  ✅ Processed bamlg0002.bmp -> PNG (5179 bytes)
  ✅ Processed dafft0001.bmp -> PNG (2365 bytes)
  ✅ Processed hafft0002.bmp -> PNG (93 bytes)
  ✅ Processed elfft0101.bmp -> PNG (944 bytes)
  ✅ Processed hofch0002.bmp -> PNG (795 bytes)
  ✅ Processed gnfft0001.bmp -> PNG (5184 bytes)
  ✅ Processed erfch0301.bmp -> PNG (15799 bytes)
  ✅ Processed dwfch0301.bmp -> PNG (15494 bytes)
  ✅ Processed humhe0012.bmp -> PNG (15640 bytes)
  ✅ Processed hafhe0011.bmp -> PNG (8799 bytes)
  ✅ Processed bafch0201.bmp -> PNG (17858 bytes)
  ✅ Processed elfhe0041.bmp -> PNG (9084 bytes)
  ✅ Processed ogmhe0031.bmp -> PNG (11425 bytes)
  ✅ Processed skehe0101.bmp -> PNG (8929 bytes)
  ✅ Processed dafhe0012.bmp -> PNG (5899 bytes)
  ✅ Processed erffa0401.bmp -> PNG (5482 bytes)
  ✅ Processed homlg0201.bmp -> PNG (13065 bytes)
  ✅ Processed hifhe0042.bmp -> PNG (1745 bytes)
  ✅ Processed trfua0301.bmp -> PNG (5283 bytes)
  ✅ Processed humft0001.bmp -> PNG (632 bytes)
  ✅ Processed woelg0001.bmp -> PNG (2577 bytes)
  ✅ Processed trmhe0022.bmp -> PNG (597 bytes)
  ✅ Processed dwmlg0102.bmp -> PNG (6478 bytes)
  ✅ Processed gnfhe0012.bmp -> PNG (4878 bytes)
  ✅ Processed ogmft0201.bmp -> PNG (4985 bytes)
  ✅ Processed himhn0201.bmp -> PNG (4152 bytes)
  ✅ Processed trflg0103.bmp -> PNG (4528 bytes)
  ✅ Processed dwmfa0101.bmp -> PNG (3857 bytes)
  ✅ Processed hofua0001.bmp -> PNG (3952 bytes)
  ✅ Processed clk0702.bmp -> PNG (535 bytes)
  ✅ Processed damhn0302.bmp -> PNG (2935 bytes)
  ✅ Processed elmhn0202.bmp -> PNG (1852 bytes)
  ✅ Processed ermfa0101.bmp -> PNG (4419 bytes)
  ✅ Processed hamhn0301.bmp -> PNG (5543 bytes)
  ✅ Processed gnmhn0302.bmp -> PNG (2611 bytes)
  ✅ Processed clk0604.bmp -> PNG (2831 bytes)
  ✅ Processed ermhe0021.bmp -> PNG (7112 bytes)
  ✅ Processed erflg0402.bmp -> PNG (6245 bytes)
  ✅ Processed trmlg0101.bmp -> PNG (17207 bytes)
  ✅ Processed dwmhe0021.bmp -> PNG (10774 bytes)
  ✅ Processed bamhe0072.bmp -> PNG (107 bytes)
  ✅ Processed hufhn0302.bmp -> PNG (2772 bytes)
  ✅ Processed trfch0302.bmp -> PNG (194 bytes)
  ✅ Processed bamfa0001.bmp -> PNG (3155 bytes)
  ✅ Processed trfhn0002.bmp -> PNG (2096 bytes)
  ✅ Processed humhe0052.bmp -> PNG (95 bytes)
  ✅ Processed gnflg0201.bmp -> PNG (13295 bytes)
  ✅ Processed elmlg0303.bmp -> PNG (2939 bytes)
  ✅ Processed hufch0002.bmp -> PNG (471 bytes)
  ✅ Processed damlg0203.bmp -> PNG (4189 bytes)
  ✅ Processed daflg0201.bmp -> PNG (15372 bytes)
  ✅ Processed skeft0001.bmp -> PNG (3178 bytes)
  ✅ Processed haflg0202.bmp -> PNG (6537 bytes)
  ✅ Processed elflg0301.bmp -> PNG (19774 bytes)
  ✅ Processed gnmlg0203.bmp -> PNG (5750 bytes)
  ✅ Processed hiflg0302.bmp -> PNG (7173 bytes)
  ✅ Processed homhe0012.bmp -> PNG (95 bytes)
  ✅ Processed bamft0202.bmp -> PNG (94 bytes)
  ✅ Processed trmhe0062.bmp -> PNG (597 bytes)
  ✅ Processed dwmft0302.bmp -> PNG (275 bytes)
  ✅ Processed elmhe0003.bmp -> PNG (2410 bytes)
  ✅ Processed gnfhe0052.bmp -> PNG (4578 bytes)
  ✅ Processed humlg0201.bmp -> PNG (16215 bytes)
  ✅ Processed ermft0302.bmp -> PNG (5354 bytes)
  ✅ Processed gnmch0002.bmp -> PNG (842 bytes)
  ✅ Processed hafhe0004.bmp -> PNG (1756 bytes)
  ✅ Processed clk0806.bmp -> PNG (2480 bytes)
  ✅ Processed hamch0001.bmp -> PNG (18995 bytes)
  ✅ Processed elmch0102.bmp -> PNG (882 bytes)
  ✅ Processed homft0001.bmp -> PNG (3555 bytes)
  ✅ Processed ogfua0201.bmp -> PNG (4980 bytes)
  ✅ Processed damch0002.bmp -> PNG (953 bytes)
  ✅ Processed elehn0202.bmp -> PNG (2596 bytes)
  ✅ Processed huflg0203.bmp -> PNG (4030 bytes)
  ✅ Processed hifhe0002.bmp -> PNG (1736 bytes)
  ✅ Processed elfhe0001.bmp -> PNG (8348 bytes)
  ✅ Processed hafhe0051.bmp -> PNG (7300 bytes)
  ✅ Processed himch0101.bmp -> PNG (14378 bytes)
  ✅ Processed dafhe0052.bmp -> PNG (5899 bytes)
  ✅ Processed ogmhe0071.bmp -> PNG (12492 bytes)
  ✅ Processed hufua0001.bmp -> PNG (3168 bytes)
  ✅ Processed trmft0301.bmp -> PNG (4607 bytes)
  ✅ Processed dwmhe0061.bmp -> PNG (11475 bytes)
  ✅ Processed helm4.bmp -> PNG (2663 bytes)
  ✅ Processed ermhe0061.bmp -> PNG (7802 bytes)
  ✅ Processed werhe0003.bmp -> PNG (1558 bytes)
  ✅ Processed ogmlg0001.bmp -> PNG (12354 bytes)
  ✅ Processed bafhn0101.bmp -> PNG (2273 bytes)
  ✅ Processed chain04.bmp -> PNG (2271 bytes)
  ✅ Processed dwfhn0001.bmp -> PNG (4013 bytes)
  ✅ Processed gnmua0001.bmp -> PNG (3527 bytes)
  ✅ Processed hiffa0301.bmp -> PNG (2402 bytes)
  ✅ Processed erfhn0001.bmp -> PNG (3084 bytes)
  ✅ Processed haffa0201.bmp -> PNG (5807 bytes)
  ✅ Processed hofhn0302.bmp -> PNG (2864 bytes)
  ✅ Processed elmua0101.bmp -> PNG (5417 bytes)
  ✅ Processed bamhe0032.bmp -> PNG (107 bytes)
  ✅ Processed ogfch0202.bmp -> PNG (1380 bytes)
  ✅ Processed damua0001.bmp -> PNG (3567 bytes)
  ✅ Processed trmch0302.bmp -> PNG (70 bytes)
  ✅ Processed baffa0001.bmp -> PNG (3059 bytes)
  ✅ Processed humhn0302.bmp -> PNG (2708 bytes)
  ✅ Processed clk1005.bmp -> PNG (3908 bytes)
  ✅ Processed elelg0301.bmp -> PNG (3077 bytes)
  ✅ Processed bafhe0072.bmp -> PNG (4766 bytes)
  ✅ Processed skeua0001.bmp -> PNG (4329 bytes)
  ✅ Processed trflg0101.bmp -> PNG (8808 bytes)
  ✅ Processed dwfhe0021.bmp -> PNG (8955 bytes)
  ✅ Processed gnfhn0302.bmp -> PNG (2606 bytes)
  ✅ Processed erfhe0021.bmp -> PNG (7682 bytes)
  ✅ Processed dafhn0302.bmp -> PNG (2709 bytes)
  ✅ Processed elfhn0202.bmp -> PNG (1875 bytes)
  ✅ Processed clk0606.bmp -> PNG (1854 bytes)
  ✅ Processed hafhn0301.bmp -> PNG (5550 bytes)
  ✅ Processed erffa0101.bmp -> PNG (3967 bytes)
  ✅ Processed trmlg0103.bmp -> PNG (4614 bytes)
  ✅ Processed ogfft0201.bmp -> PNG (5817 bytes)
  ✅ Processed hifhn0201.bmp -> PNG (3352 bytes)
  ✅ Processed homua0001.bmp -> PNG (3909 bytes)
  ✅ Processed dwffa0101.bmp -> PNG (3652 bytes)
  ✅ Processed trfhe0022.bmp -> PNG (727 bytes)
  ✅ Processed dwflg0102.bmp -> PNG (6850 bytes)
  ✅ Processed skech0104.bmp -> PNG (1490 bytes)
  ✅ Processed gnmhe0012.bmp -> PNG (4419 bytes)
  ✅ Processed erflg0102.bmp -> PNG (2383 bytes)
  ✅ Processed hufft0001.bmp -> PNG (2562 bytes)
  ✅ Processed trmua0301.bmp -> PNG (4415 bytes)
  ✅ Processed homlg0203.bmp -> PNG (5377 bytes)
  ✅ Processed hoflg0201.bmp -> PNG (17423 bytes)
  ✅ Processed ermfa0401.bmp -> PNG (6593 bytes)
  ✅ Processed himhe0042.bmp -> PNG (94 bytes)
  ✅ Processed skech0002.bmp -> PNG (1615 bytes)
  ✅ Processed elmhe0041.bmp -> PNG (18791 bytes)
  ✅ Processed hamhe0011.bmp -> PNG (16534 bytes)
  ✅ Processed bamch0201.bmp -> PNG (25463 bytes)
  ✅ Processed damhe0012.bmp -> PNG (94 bytes)
  ✅ Processed ogfhe0031.bmp -> PNG (10456 bytes)
  ✅ Processed hufhe0012.bmp -> PNG (2494 bytes)
  ✅ Processed dwmch0301.bmp -> PNG (11244 bytes)
  ✅ Processed gnmft0001.bmp -> PNG (2494 bytes)
  ✅ Processed ermch0301.bmp -> PNG (20927 bytes)
  ✅ Processed damft0001.bmp -> PNG (4433 bytes)
  ✅ Processed homch0002.bmp -> PNG (1165 bytes)
  ✅ Processed hamft0002.bmp -> PNG (93 bytes)
  ✅ Processed elmft0101.bmp -> PNG (3836 bytes)
  ✅ Processed himft0102.bmp -> PNG (95 bytes)
  ✅ Processed ogmhn0102.bmp -> PNG (2339 bytes)
  ✅ Processed baflg0002.bmp -> PNG (7669 bytes)
  ✅ Processed hofhe0052.bmp -> PNG (4524 bytes)
  ✅ Processed erflg0401.bmp -> PNG (19282 bytes)
  ✅ Processed dwfua0301.bmp -> PNG (3981 bytes)
  ✅ Processed ermhe0022.bmp -> PNG (2227 bytes)
  ✅ Processed homfa0201.bmp -> PNG (5539 bytes)
  ✅ Processed gnmhn0301.bmp -> PNG (5761 bytes)
  ✅ Processed erfua0301.bmp -> PNG (4603 bytes)
  ✅ Processed dwmhe0022.bmp -> PNG (5118 bytes)
  ✅ Processed trmlg0102.bmp -> PNG (6853 bytes)
  ✅ Processed clk0701.bmp -> PNG (11556 bytes)
  ✅ Processed himhn0202.bmp -> PNG (1276 bytes)
  ✅ Processed ogmft0202.bmp -> PNG (10937 bytes)
  ✅ Processed hamhn0302.bmp -> PNG (2709 bytes)
  ✅ Processed elmhn0201.bmp -> PNG (4762 bytes)
  ✅ Processed elech0101.bmp -> PNG (89159 bytes)
  ✅ Processed damhn0301.bmp -> PNG (5645 bytes)
  ✅ Processed clk1004.bmp -> PNG (4362 bytes)
  ✅ Processed hufhn0301.bmp -> PNG (5581 bytes)
  ✅ Processed trfch0301.bmp -> PNG (22167 bytes)
  ✅ Processed bamhe0071.bmp -> PNG (16518 bytes)
  ✅ Processed bafua0201.bmp -> PNG (6092 bytes)
  ✅ Processed erfch0302.bmp -> PNG (531 bytes)
  ✅ Processed gnfft0002.bmp -> PNG (681 bytes)
  ✅ Processed humhe0011.bmp -> PNG (17242 bytes)
  ✅ Processed dwfch0302.bmp -> PNG (1760 bytes)
  ✅ Processed baflg0003.bmp -> PNG (3089 bytes)
  ✅ Processed bamlg0001.bmp -> PNG (24461 bytes)
  ✅ Processed homhe0051.bmp -> PNG (15985 bytes)
  ✅ Processed ogfhn0101.bmp -> PNG (4661 bytes)
  ✅ Processed hifft0101.bmp -> PNG (3087 bytes)
  ✅ Processed hofch0001.bmp -> PNG (9680 bytes)
  ✅ Processed elfft0102.bmp -> PNG (95 bytes)
  ✅ Processed hafft0001.bmp -> PNG (3007 bytes)
  ✅ Processed dafft0002.bmp -> PNG (106 bytes)
  ✅ Processed ermlg0101.bmp -> PNG (7335 bytes)
  ✅ Processed skech0003.bmp -> PNG (642 bytes)
  ✅ Processed woelg0002.bmp -> PNG (1487 bytes)
  ✅ Processed humft0002.bmp -> PNG (95 bytes)
  ✅ Processed gnfhe0011.bmp -> PNG (8985 bytes)
  ✅ Processed dwmlg0101.bmp -> PNG (3779 bytes)
  ✅ Processed trmhe0021.bmp -> PNG (12795 bytes)
  ✅ Processed skech0105.bmp -> PNG (4992 bytes)
  ✅ Processed ogmhe0032.bmp -> PNG (94 bytes)
  ✅ Processed dafhe0011.bmp -> PNG (9196 bytes)
  ✅ Processed dwflg0103.bmp -> PNG (2997 bytes)
  ✅ Processed elfhe0042.bmp -> PNG (4802 bytes)
  ✅ Processed hafhe0012.bmp -> PNG (4044 bytes)
  ✅ Processed bafch0202.bmp -> PNG (561 bytes)
  ✅ Processed trmfa0101.bmp -> PNG (4259 bytes)
  ✅ Processed hifhe0041.bmp -> PNG (14191 bytes)
  ✅ Processed homlg0202.bmp -> PNG (10570 bytes)
  ✅ Processed gnfch0001.bmp -> PNG (8396 bytes)
  ✅ Processed huflg0202.bmp -> PNG (11441 bytes)
  ✅ Processed damhe0004.bmp -> PNG (2025 bytes)
  ✅ Processed erfft0301.bmp -> PNG (3391 bytes)
  ✅ Processed clk0901.bmp -> PNG (11651 bytes)
  ✅ Processed gnmhe0051.bmp -> PNG (9667 bytes)
  ✅ Processed ogffa0001.bmp -> PNG (3831 bytes)
  ✅ Processed dwfft0301.bmp -> PNG (4672 bytes)
  ✅ Processed trfhe0061.bmp -> PNG (12205 bytes)
  ✅ Processed hifch0102.bmp -> PNG (950 bytes)
  ✅ Processed ogfhe0072.bmp -> PNG (4830 bytes)
  ✅ Processed damhe0051.bmp -> PNG (18407 bytes)
  ✅ Processed hamhe0052.bmp -> PNG (94 bytes)
  ✅ Processed dafch0001.bmp -> PNG (8920 bytes)
  ✅ Processed himhe0001.bmp -> PNG (10882 bytes)
  ✅ Processed elfch0101.bmp -> PNG (10196 bytes)
  ✅ Processed hafch0002.bmp -> PNG (615 bytes)
  ✅ Processed humch0001.bmp -> PNG (12888 bytes)
  ✅ Processed gnmlg0202.bmp -> PNG (11276 bytes)
  ✅ Processed haflg0203.bmp -> PNG (3502 bytes)
  ✅ Processed trmhn0001.bmp -> PNG (2718 bytes)
  ✅ Processed hiflg0303.bmp -> PNG (5169 bytes)
  ✅ Processed hufhe0051.bmp -> PNG (9451 bytes)
  ✅ Processed hofhe0011.bmp -> PNG (9553 bytes)
  ✅ Processed bafft0201.bmp -> PNG (4549 bytes)
  ✅ Processed himlg0301.bmp -> PNG (18237 bytes)
  ✅ Processed elmlg0302.bmp -> PNG (6396 bytes)
  ✅ Processed hamlg0201.bmp -> PNG (18242 bytes)
  ✅ Processed damlg0202.bmp -> PNG (9657 bytes)
  ✅ Processed damfa0201.bmp -> PNG (4828 bytes)
  ✅ Processed elmfa0301.bmp -> PNG (5144 bytes)
  ✅ Processed ermhn0002.bmp -> PNG (1120 bytes)
  ✅ Processed dwmhn0002.bmp -> PNG (1287 bytes)
  ✅ Processed ogmch0201.bmp -> PNG (16933 bytes)
  ✅ Processed chain05.bmp -> PNG (10936 bytes)
  ✅ Processed bafhe0031.bmp -> PNG (9296 bytes)
  ✅ Processed hafua0001.bmp -> PNG (2907 bytes)
  ✅ Processed hifua0101.bmp -> PNG (3303 bytes)
  ✅ Processed gnmfa0201.bmp -> PNG (5447 bytes)
  ✅ Processed homhn0301.bmp -> PNG (5734 bytes)
  ✅ Processed erfhe0062.bmp -> PNG (5148 bytes)
  ✅ Processed werhe0002.bmp -> PNG (2723 bytes)
  ✅ Processed dwfhe0062.bmp -> PNG (3864 bytes)
  ✅ Processed trfft0302.bmp -> PNG (10739 bytes)
  ✅ Processed bamhn0102.bmp -> PNG (1035 bytes)
  ✅ Processed ogflg0002.bmp -> PNG (5713 bytes)
  ✅ Processed huffa0201.bmp -> PNG (5523 bytes)
  ✅ Processed homlg0103.bmp -> PNG (4573 bytes)
  ✅ Processed hufft0301.bmp -> PNG (4228 bytes)
  ✅ Processed trmua0001.bmp -> PNG (4160 bytes)
  ✅ Processed erflg0202.bmp -> PNG (6245 bytes)
  ✅ Processed dwflg0202.bmp -> PNG (8999 bytes)
  ✅ Processed helm11.bmp -> PNG (8565 bytes)
  ✅ Processed bamhe0106.bmp -> PNG (2259 bytes)
  ✅ Processed bamch0101.bmp -> PNG (10635 bytes)
  ✅ Processed bafhe0002.bmp -> PNG (4758 bytes)
  ✅ Processed hoflg0101.bmp -> PNG (15664 bytes)
  ✅ Processed dwfhe0051.bmp -> PNG (9299 bytes)
  ✅ Processed ermch0001.bmp -> PNG (14241 bytes)
  ✅ Processed gnmft0301.bmp -> PNG (4925 bytes)
  ✅ Processed erfhe0051.bmp -> PNG (8169 bytes)
  ✅ Processed dwmch0001.bmp -> PNG (8824 bytes)
  ✅ Processed helmleather05.bmp -> PNG (7399 bytes)
  ✅ Processed baflg0302.bmp -> PNG (10149 bytes)
  ✅ Processed himft0202.bmp -> PNG (95 bytes)
  ✅ Processed woehe0003.bmp -> PNG (1284 bytes)
  ✅ Processed ogmhn0202.bmp -> PNG (2386 bytes)
  ✅ Processed hamft0302.bmp -> PNG (102 bytes)
  ✅ Processed elmft0201.bmp -> PNG (3788 bytes)
  ✅ Processed homch0302.bmp -> PNG (1322 bytes)
  ✅ Processed damft0301.bmp -> PNG (1967 bytes)
  ✅ Processed gnmhe0062.bmp -> PNG (4666 bytes)
  ✅ Processed humhn0002.bmp -> PNG (1869 bytes)
  ✅ Processed trfhe0052.bmp -> PNG (727 bytes)
  ✅ Processed baffa0301.bmp -> PNG (1545 bytes)
  ✅ Processed himhe0032.bmp -> PNG (3916 bytes)
  ✅ Processed ogfhe0041.bmp -> PNG (10449 bytes)
  ✅ Processed damhe0062.bmp -> PNG (94 bytes)
  ✅ Processed elelg0001.bmp -> PNG (5311 bytes)
  ✅ Processed elmhe0031.bmp -> PNG (13700 bytes)
  ✅ Processed hamhe0061.bmp -> PNG (15238 bytes)
  ✅ Processed hufhe0062.bmp -> PNG (3994 bytes)
  ✅ Processed gnfhn0002.bmp -> PNG (1643 bytes)
  ✅ Processed trflg0201.bmp -> PNG (17319 bytes)
  ✅ Processed dwffa0201.bmp -> PNG (5373 bytes)
  ✅ Processed homua0301.bmp -> PNG (4844 bytes)
  ✅ Processed ogfft0101.bmp -> PNG (3527 bytes)
  ✅ Processed hifhn0101.bmp -> PNG (6081 bytes)
  ✅ Processed trmlg0203.bmp -> PNG (5608 bytes)
  ✅ Processed hofhe0022.bmp -> PNG (4163 bytes)
  ✅ Processed elfhn0102.bmp -> PNG (1736 bytes)
  ✅ Processed hafhn0001.bmp -> PNG (2910 bytes)
  ✅ Processed clk0506.bmp -> PNG (2125 bytes)
  ✅ Processed erffa0201.bmp -> PNG (5482 bytes)
  ✅ Processed dafhn0002.bmp -> PNG (1616 bytes)
  ✅ Processed humhe0022.bmp -> PNG (95 bytes)
  ✅ Processed huflg0401.bmp -> PNG (16129 bytes)
  ✅ Processed hufua0301.bmp -> PNG (5388 bytes)
  ✅ Processed trmft0001.bmp -> PNG (3278 bytes)
  ✅ Processed bafhn0201.bmp -> PNG (5313 bytes)
  ✅ Processed ogmlg0301.bmp -> PNG (19581 bytes)
  ✅ Processed homhe0062.bmp -> PNG (95 bytes)
  ✅ Processed humlg0403.bmp -> PNG (3809 bytes)
  ✅ Processed gnfhe0022.bmp -> PNG (4290 bytes)
  ✅ Processed erfhn0301.bmp -> PNG (5150 bytes)
  ✅ Processed haffa0101.bmp -> PNG (4026 bytes)
  ✅ Processed trmhe0012.bmp -> PNG (597 bytes)
  ✅ Processed hiffa0001.bmp -> PNG (2049 bytes)
  ✅ Processed gnmua0301.bmp -> PNG (5449 bytes)
  ✅ Processed dwfhn0301.bmp -> PNG (5707 bytes)
  ✅ Processed hifhe0072.bmp -> PNG (2106 bytes)
  ✅ Processed ogfch0102.bmp -> PNG (734 bytes)
  ✅ Processed damua0301.bmp -> PNG (4818 bytes)
  ✅ Processed elmua0201.bmp -> PNG (4029 bytes)
  ✅ Processed ogmhe0001.bmp -> PNG (11152 bytes)
  ✅ Processed dafhe0022.bmp -> PNG (5899 bytes)
  ✅ Processed elfhe0071.bmp -> PNG (8607 bytes)
  ✅ Processed hafhe0021.bmp -> PNG (8471 bytes)
  ✅ Processed hofhn0002.bmp -> PNG (1252 bytes)
  ✅ Processed damlg0103.bmp -> PNG (5170 bytes)
  ✅ Processed hufch0302.bmp -> PNG (1565 bytes)
  ✅ Processed dwmhe0011.bmp -> PNG (10639 bytes)
  ✅ Processed elmlg0003.bmp -> PNG (4316 bytes)
  ✅ Processed gnflg0101.bmp -> PNG (9520 bytes)
  ✅ Processed ermhe0011.bmp -> PNG (7970 bytes)
  ✅ Processed trfhn0302.bmp -> PNG (2831 bytes)
  ✅ Processed bamft0102.bmp -> PNG (93 bytes)
  ✅ Processed hiflg0002.bmp -> PNG (1685 bytes)
  ✅ Processed gnmlg0103.bmp -> PNG (2985 bytes)
  ✅ Processed haflg0102.bmp -> PNG (6533 bytes)
  ✅ Processed elflg0001.bmp -> PNG (11389 bytes)
  ✅ Processed daflg0101.bmp -> PNG (9745 bytes)
  ✅ Processed gnmch0302.bmp -> PNG (103 bytes)
  ✅ Processed ermft0002.bmp -> PNG (895 bytes)
  ✅ Processed humlg0101.bmp -> PNG (12298 bytes)
  ✅ Processed dwmft0002.bmp -> PNG (2010 bytes)
  ✅ Processed himch0201.bmp -> PNG (22998 bytes)
  ✅ Processed elehn0102.bmp -> PNG (2398 bytes)
  ✅ Processed huflg0103.bmp -> PNG (4244 bytes)
  ✅ Processed ogfua0101.bmp -> PNG (4223 bytes)
  ✅ Processed damch0302.bmp -> PNG (930 bytes)
  ✅ Processed homft0301.bmp -> PNG (2987 bytes)
  ✅ Processed hamch0301.bmp -> PNG (21230 bytes)
  ✅ Processed elmch0202.bmp -> PNG (1623 bytes)
  ✅ Processed bamhe0042.bmp -> PNG (107 bytes)
  ✅ Processed dwmhn0302.bmp -> PNG (2492 bytes)
  ✅ Processed elmfa0001.bmp -> PNG (2595 bytes)
  ✅ Processed trfhe0011.bmp -> PNG (12595 bytes)
  ✅ Processed ermhn0302.bmp -> PNG (1120 bytes)
  ✅ Processed gnmhe0021.bmp -> PNG (9517 bytes)
  ✅ Processed damfa0101.bmp -> PNG (5045 bytes)
  ✅ Processed homhn0001.bmp -> PNG (2616 bytes)
  ✅ Processed elmhe0072.bmp -> PNG (70 bytes)
  ✅ Processed hamhe0022.bmp -> PNG (94 bytes)
  ✅ Processed damhe0021.bmp -> PNG (17704 bytes)
  ✅ Processed ogfhe0002.bmp -> PNG (4798 bytes)
  ✅ Processed gnmfa0101.bmp -> PNG (3720 bytes)
  ✅ Processed hifua0201.bmp -> PNG (6337 bytes)
  ✅ Processed hafua0301.bmp -> PNG (4729 bytes)
  ✅ Processed himhe0071.bmp -> PNG (17301 bytes)
  ✅ Processed ogmch0101.bmp -> PNG (13549 bytes)
  ✅ Processed trfft0002.bmp -> PNG (7038 bytes)
  ✅ Processed hufhe0021.bmp -> PNG (9765 bytes)
  ✅ Processed humlg0402.bmp -> PNG (7531 bytes)
  ✅ Processed clkerm06.bmp -> PNG (2211 bytes)
  ✅ Processed skehn0001.bmp -> PNG (5628 bytes)
  ✅ Processed huffa0101.bmp -> PNG (2707 bytes)
  ✅ Processed hofhe0061.bmp -> PNG (9372 bytes)
  ✅ Processed ogflg0302.bmp -> PNG (9174 bytes)
  ✅ Processed bamhn0202.bmp -> PNG (1035 bytes)
  ✅ Processed dwfft0001.bmp -> PNG (3662 bytes)
  ✅ Processed ogffa0301.bmp -> PNG (5132 bytes)
  ✅ Processed erfft0001.bmp -> PNG (2197 bytes)
  ✅ Processed huflg0102.bmp -> PNG (6509 bytes)
  ✅ Processed gnfch0301.bmp -> PNG (11526 bytes)
  ✅ Processed humfa0401.bmp -> PNG (3966 bytes)
  ✅ Processed hofft0302.bmp -> PNG (7262 bytes)
  ✅ Processed elfch0201.bmp -> PNG (18214 bytes)
  ✅ Processed bafhe0041.bmp -> PNG (10169 bytes)
  ✅ Processed hafch0302.bmp -> PNG (288 bytes)
  ✅ Processed dafch0301.bmp -> PNG (15599 bytes)
  ✅ Processed hifch0202.bmp -> PNG (1514 bytes)
  ✅ Processed trmhn0301.bmp -> PNG (5521 bytes)
  ✅ Processed erfhe0012.bmp -> PNG (5148 bytes)
  ✅ Processed haflg0103.bmp -> PNG (3916 bytes)
  ✅ Processed gnmlg0102.bmp -> PNG (5357 bytes)
  ✅ Processed humch0301.bmp -> PNG (14833 bytes)
  ✅ Processed dwfhe0012.bmp -> PNG (4293 bytes)
  ✅ Processed damlg0102.bmp -> PNG (9901 bytes)
  ✅ Processed elmlg0002.bmp -> PNG (7879 bytes)
  ✅ Processed hamlg0101.bmp -> PNG (9837 bytes)
  ✅ Processed himlg0001.bmp -> PNG (9354 bytes)
  ✅ Processed bafft0101.bmp -> PNG (3548 bytes)
  ✅ Processed werfa0001.bmp -> PNG (9615 bytes)
  ✅ Processed baflg0303.bmp -> PNG (3464 bytes)
  ✅ Processed helmleather04.bmp -> PNG (1612 bytes)
  ✅ Processed ermhe0052.bmp -> PNG (2227 bytes)
  ✅ Processed dwfch0002.bmp -> PNG (660 bytes)
  ✅ Processed woehe0002.bmp -> PNG (1524 bytes)
  ✅ Processed gnfft0302.bmp -> PNG (1557 bytes)
  ✅ Processed dwmhe0052.bmp -> PNG (4489 bytes)
  ✅ Processed erfch0002.bmp -> PNG (495 bytes)
  ✅ Processed dafft0302.bmp -> PNG (257 bytes)
  ✅ Processed elfft0202.bmp -> PNG (95 bytes)
  ✅ Processed hafft0301.bmp -> PNG (4774 bytes)
  ✅ Processed hofch0301.bmp -> PNG (16334 bytes)
  ✅ Processed ogfhn0201.bmp -> PNG (4308 bytes)
  ✅ Processed hifft0201.bmp -> PNG (5031 bytes)
  ✅ Processed bamlg0301.bmp -> PNG (9580 bytes)
  ✅ Processed eyehe0001.bmp -> PNG (5201 bytes)
  ✅ Processed dwmlg0201.bmp -> PNG (4366 bytes)
  ✅ Processed humft0302.bmp -> PNG (151 bytes)
  ✅ Processed ermlg0201.bmp -> PNG (23320 bytes)
  ✅ Processed bamhe0001.bmp -> PNG (17447 bytes)
  ✅ Processed homlg0102.bmp -> PNG (7890 bytes)
  ✅ Processed bafch0102.bmp -> PNG (795 bytes)
  ✅ Processed trmfa0201.bmp -> PNG (5599 bytes)
  ✅ Processed dwflg0203.bmp -> PNG (5760 bytes)
  ✅ Processed trmlg0202.bmp -> PNG (10067 bytes)
  ✅ Processed erfua0001.bmp -> PNG (3053 bytes)
  ✅ Processed gnmhn0001.bmp -> PNG (4058 bytes)
  ✅ Processed homfa0101.bmp -> PNG (4177 bytes)
  ✅ Processed humhe0061.bmp -> PNG (16364 bytes)
  ✅ Processed dwfua0001.bmp -> PNG (3042 bytes)
  ✅ Processed damhn0001.bmp -> PNG (3755 bytes)
  ✅ Processed elech0201.bmp -> PNG (23906 bytes)
  ✅ Processed hamhn0002.bmp -> PNG (982 bytes)
  ✅ Processed elmhn0101.bmp -> PNG (2330 bytes)
  ✅ Processed homhe0021.bmp -> PNG (15993 bytes)
  ✅ Processed himhn0102.bmp -> PNG (1035 bytes)
  ✅ Processed ogmft0102.bmp -> PNG (8487 bytes)
  ✅ Processed clk0401.bmp -> PNG (10913 bytes)
  ✅ Processed trfch0001.bmp -> PNG (11065 bytes)
  ✅ Processed hufhn0001.bmp -> PNG (4070 bytes)
  ✅ Processed trmhe0051.bmp -> PNG (12963 bytes)
  ✅ Processed skefa0101.bmp -> PNG (4333 bytes)
  ✅ Processed gnfhe0061.bmp -> PNG (8718 bytes)
  ✅ Processed elfhe0032.bmp -> PNG (3996 bytes)
  ✅ Processed bafua0101.bmp -> PNG (4442 bytes)
  ✅ Processed hafhe0062.bmp -> PNG (4044 bytes)
  ✅ Processed dafhe0061.bmp -> PNG (8786 bytes)
  ✅ Processed ogmhe0042.bmp -> PNG (94 bytes)
  ✅ Processed hifhe0031.bmp -> PNG (18027 bytes)
  ✅ Processed hiflg0001.bmp -> PNG (11821 bytes)
  ✅ Processed bamft0101.bmp -> PNG (3652 bytes)
  ✅ Processed daflg0102.bmp -> PNG (8033 bytes)
  ✅ Processed elflg0002.bmp -> PNG (4891 bytes)
  ✅ Processed haflg0101.bmp -> PNG (9092 bytes)
  ✅ Processed gnflg0102.bmp -> PNG (6810 bytes)
  ✅ Processed hamlg0103.bmp -> PNG (3525 bytes)
  ✅ Processed dwmhe0012.bmp -> PNG (4698 bytes)
  ✅ Processed hufch0301.bmp -> PNG (17306 bytes)
  ✅ Processed trfhn0301.bmp -> PNG (5453 bytes)
  ✅ Processed ermhe0012.bmp -> PNG (2227 bytes)
  ✅ Processed himlg0003.bmp -> PNG (3084 bytes)
  ✅ Processed himch0202.bmp -> PNG (959 bytes)
  ✅ Processed bamhe0041.bmp -> PNG (17277 bytes)
  ✅ Processed boatbot.bmp -> PNG (4489 bytes)
  ✅ Processed elmch0201.bmp -> PNG (21924 bytes)
  ✅ Processed hamch0302.bmp -> PNG (241 bytes)
  ✅ Processed homft0302.bmp -> PNG (8634 bytes)
  ✅ Processed huffa0401.bmp -> PNG (4264 bytes)
  ✅ Processed damch0301.bmp -> PNG (14901 bytes)
  ✅ Processed elehn0101.bmp -> PNG (5586 bytes)
  ✅ Processed humlg0102.bmp -> PNG (8663 bytes)
  ✅ Processed ermft0001.bmp -> PNG (3106 bytes)
  ✅ Processed gnmch0301.bmp -> PNG (11582 bytes)
  ✅ Processed dwmft0001.bmp -> PNG (3947 bytes)
  ✅ Processed ogmfa0301.bmp -> PNG (4988 bytes)
  ✅ Processed ogmlg0302.bmp -> PNG (8858 bytes)
  ✅ Processed bafhn0202.bmp -> PNG (2708 bytes)
  ✅ Processed homhe0061.bmp -> PNG (16250 bytes)
  ✅ Processed humfa0101.bmp -> PNG (4717 bytes)
  ✅ Processed huflg0402.bmp -> PNG (8335 bytes)
  ✅ Processed humhe0021.bmp -> PNG (14511 bytes)
  ✅ Processed trmft0002.bmp -> PNG (7038 bytes)
  ✅ Processed hamua0301.bmp -> PNG (4835 bytes)
  ✅ Processed ogfch0101.bmp -> PNG (14311 bytes)
  ✅ Processed hifhe0071.bmp -> PNG (14211 bytes)
  ✅ Processed hofhn0001.bmp -> PNG (2616 bytes)
  ✅ Processed hafhe0022.bmp -> PNG (3883 bytes)
  ✅ Processed elfhe0072.bmp -> PNG (3663 bytes)
  ✅ Processed himua0201.bmp -> PNG (6491 bytes)
  ✅ Processed ogmhe0002.bmp -> PNG (94 bytes)
  ✅ Processed gnffa0101.bmp -> PNG (3604 bytes)
  ✅ Processed dafhe0021.bmp -> PNG (9055 bytes)
  ✅ Processed trmhe0011.bmp -> PNG (11339 bytes)
  ✅ Processed elffa0001.bmp -> PNG (2822 bytes)
  ✅ Processed erfhn0302.bmp -> PNG (2717 bytes)
  ✅ Processed daffa0101.bmp -> PNG (4925 bytes)
  ✅ Processed gnfhe0021.bmp -> PNG (8587 bytes)
  ✅ Processed dwfhn0302.bmp -> PNG (2731 bytes)
  ✅ Processed himhe0031.bmp -> PNG (15742 bytes)
  ✅ Processed bamua0101.bmp -> PNG (4140 bytes)
  ✅ Processed hamhe0062.bmp -> PNG (94 bytes)
  ✅ Processed elmhe0032.bmp -> PNG (70 bytes)
  ✅ Processed elelg0002.bmp -> PNG (9290 bytes)
  ✅ Processed ogfhe0042.bmp -> PNG (4798 bytes)
  ✅ Processed damhe0061.bmp -> PNG (19782 bytes)
  ✅ Processed trfhe0051.bmp -> PNG (11624 bytes)
  ✅ Processed humhn0001.bmp -> PNG (3806 bytes)
  ✅ Processed gnmhe0061.bmp -> PNG (9467 bytes)
  ✅ Processed trmch0001.bmp -> PNG (14790 bytes)
  ✅ Processed hifhn0102.bmp -> PNG (2784 bytes)
  ✅ Processed ogfft0102.bmp -> PNG (8540 bytes)
  ✅ Processed dafhn0001.bmp -> PNG (2144 bytes)
  ✅ Processed hafhn0002.bmp -> PNG (1710 bytes)
  ✅ Processed clk0505.bmp -> PNG (18765 bytes)
  ✅ Processed hofhe0021.bmp -> PNG (8739 bytes)
  ✅ Processed elfhn0101.bmp -> PNG (3963 bytes)
  ✅ Processed gnfhn0001.bmp -> PNG (3768 bytes)
  ✅ Processed dwmua0001.bmp -> PNG (3603 bytes)
  ✅ Processed hufhe0061.bmp -> PNG (9653 bytes)
  ✅ Processed clkerf06.bmp -> PNG (3629 bytes)
  ✅ Processed hoffa0101.bmp -> PNG (4743 bytes)
  ✅ Processed clk0403.bmp -> PNG (2454 bytes)
  ✅ Processed ermua0001.bmp -> PNG (3988 bytes)
  ✅ Processed trflg0202.bmp -> PNG (12125 bytes)
  ✅ Processed bamch0102.bmp -> PNG (993 bytes)
  ✅ Processed trffa0201.bmp -> PNG (6009 bytes)
  ✅ Processed bamhe0105.bmp -> PNG (2526 bytes)
  ✅ Processed helm12.bmp -> PNG (8807 bytes)
  ✅ Processed dwmlg0203.bmp -> PNG (6319 bytes)
  ✅ Processed bafhe0001.bmp -> PNG (10253 bytes)
  ✅ Processed erflg0201.bmp -> PNG (19282 bytes)
  ✅ Processed hufft0302.bmp -> PNG (157 bytes)
  ✅ Processed bamhe0003.bmp -> PNG (8114 bytes)
  ✅ Processed dwflg0201.bmp -> PNG (17087 bytes)
  ✅ Processed ogmhn0201.bmp -> PNG (5382 bytes)
  ✅ Processed himft0201.bmp -> PNG (3320 bytes)
  ✅ Processed baflg0301.bmp -> PNG (9512 bytes)
  ✅ Processed helmleather06.bmp -> PNG (1934 bytes)
  ✅ Processed damft0302.bmp -> PNG (216 bytes)
  ✅ Processed homch0301.bmp -> PNG (16618 bytes)
  ✅ Processed elmft0202.bmp -> PNG (92 bytes)
  ✅ Processed hamft0301.bmp -> PNG (3522 bytes)
  ✅ Processed gnmft0302.bmp -> PNG (254 bytes)
  ✅ Processed elefa0001.bmp -> PNG (5382 bytes)
  ✅ Processed ermch0002.bmp -> PNG (891 bytes)
  ✅ Processed dwfhe0052.bmp -> PNG (3417 bytes)
  ✅ Processed bamlg0303.bmp -> PNG (4766 bytes)
  ✅ Processed dwmch0002.bmp -> PNG (842 bytes)
  ✅ Processed erfhe0052.bmp -> PNG (5148 bytes)
  ✅ Processed elmhn0102.bmp -> PNG (1035 bytes)
  ✅ Processed homhe0022.bmp -> PNG (95 bytes)
  ✅ Processed ermfa0201.bmp -> PNG (6593 bytes)
  ✅ Processed hamhn0001.bmp -> PNG (3681 bytes)
  ✅ Processed damhn0002.bmp -> PNG (1776 bytes)
  ✅ Processed hofua0301.bmp -> PNG (4862 bytes)
  ✅ Processed clk0402.bmp -> PNG (464 bytes)
  ✅ Processed dwmfa0201.bmp -> PNG (5452 bytes)
  ✅ Processed trflg0203.bmp -> PNG (5741 bytes)
  ✅ Processed ogmft0101.bmp -> PNG (3699 bytes)
  ✅ Processed himhn0101.bmp -> PNG (2273 bytes)
  ✅ Processed trmlg0201.bmp -> PNG (44873 bytes)
  ✅ Processed humhe0062.bmp -> PNG (95 bytes)
  ✅ Processed clk0504.bmp -> PNG (2051 bytes)
  ✅ Processed gnmhn0002.bmp -> PNG (1935 bytes)
  ✅ Processed dafhe0062.bmp -> PNG (5899 bytes)
  ✅ Processed ogmhe0041.bmp -> PNG (12271 bytes)
  ✅ Processed hafhe0061.bmp -> PNG (8708 bytes)
  ✅ Processed elfhe0031.bmp -> PNG (8824 bytes)
  ✅ Processed hifhe0032.bmp -> PNG (1922 bytes)
  ✅ Processed trfch0002.bmp -> PNG (189 bytes)
  ✅ Processed bamfa0301.bmp -> PNG (4761 bytes)
  ✅ Processed gnfhe0062.bmp -> PNG (3190 bytes)
  ✅ Processed trmhe0052.bmp -> PNG (597 bytes)
  ✅ Processed hufhn0002.bmp -> PNG (1963 bytes)
  ✅ Processed hofch0302.bmp -> PNG (102 bytes)
  ✅ Processed hafft0302.bmp -> PNG (91 bytes)
  ✅ Processed elfft0201.bmp -> PNG (4418 bytes)
  ✅ Processed dafft0301.bmp -> PNG (1398 bytes)
  ✅ Processed skelg0101.bmp -> PNG (2305 bytes)
  ✅ Processed bamlg0302.bmp -> PNG (10193 bytes)
  ✅ Processed eleua0201.bmp -> PNG (9321 bytes)
  ✅ Processed hifft0202.bmp -> PNG (95 bytes)
  ✅ Processed ogfhn0202.bmp -> PNG (1234 bytes)
  ✅ Processed woehe0001.bmp -> PNG (3002 bytes)
  ✅ Processed dwfch0001.bmp -> PNG (12329 bytes)
  ✅ Processed ermhe0051.bmp -> PNG (7570 bytes)
  ✅ Processed helmleather07.bmp -> PNG (3985 bytes)
  ✅ Processed erfch0001.bmp -> PNG (12438 bytes)
  ✅ Processed dwmhe0051.bmp -> PNG (10625 bytes)
  ✅ Processed gnfft0301.bmp -> PNG (4189 bytes)
  ✅ Processed homlg0101.bmp -> PNG (13794 bytes)
  ✅ Processed bamhe0002.bmp -> PNG (107 bytes)
  ✅ Processed bafch0101.bmp -> PNG (12242 bytes)
  ✅ Processed bamhe0104.bmp -> PNG (8383 bytes)
  ✅ Processed helm13.bmp -> PNG (1298 bytes)
  ✅ Processed dwmlg0202.bmp -> PNG (10556 bytes)
  ✅ Processed trfua0001.bmp -> PNG (4120 bytes)
  ✅ Processed humft0301.bmp -> PNG (1395 bytes)
  ✅ Processed ogmua0101.bmp -> PNG (4192 bytes)
  ✅ Processed dafch0302.bmp -> PNG (333 bytes)
  ✅ Processed humlg0103.bmp -> PNG (5211 bytes)
  ✅ Processed hafch0301.bmp -> PNG (15196 bytes)
  ✅ Processed bafhe0042.bmp -> PNG (4758 bytes)
  ✅ Processed elfch0202.bmp -> PNG (1443 bytes)
  ✅ Processed hofft0301.bmp -> PNG (6586 bytes)
  ✅ Processed hifch0201.bmp -> PNG (21789 bytes)
  ✅ Processed dwfft0002.bmp -> PNG (148 bytes)
  ✅ Processed gnfch0302.bmp -> PNG (1083 bytes)
  ✅ Processed huflg0101.bmp -> PNG (12796 bytes)
  ✅ Processed erfft0002.bmp -> PNG (5807 bytes)
  ✅ Processed hamlg0102.bmp -> PNG (6803 bytes)
  ✅ Processed elmlg0001.bmp -> PNG (14817 bytes)
  ✅ Processed gnflg0103.bmp -> PNG (3540 bytes)
  ✅ Processed damlg0101.bmp -> PNG (17284 bytes)
  ✅ Processed bafft0102.bmp -> PNG (95 bytes)
  ✅ Processed himlg0002.bmp -> PNG (4872 bytes)
  ✅ Processed erfhe0011.bmp -> PNG (7562 bytes)
  ✅ Processed trmhn0302.bmp -> PNG (2739 bytes)
  ✅ Processed dwfhe0011.bmp -> PNG (9942 bytes)
  ✅ Processed humch0302.bmp -> PNG (1237 bytes)
  ✅ Processed daflg0103.bmp -> PNG (4130 bytes)
  ✅ Processed gnmlg0101.bmp -> PNG (3253 bytes)
  ✅ Processed elflg0003.bmp -> PNG (2408 bytes)
  ✅ Processed damhe0022.bmp -> PNG (94 bytes)
  ✅ Processed ogfhe0001.bmp -> PNG (10404 bytes)
  ✅ Processed hamhe0021.bmp -> PNG (18441 bytes)
  ✅ Processed elmhe0071.bmp -> PNG (18957 bytes)
  ✅ Processed homhn0002.bmp -> PNG (1252 bytes)
  ✅ Processed ogmch0102.bmp -> PNG (734 bytes)
  ✅ Processed dafua0301.bmp -> PNG (5059 bytes)
  ✅ Processed himhe0072.bmp -> PNG (94 bytes)
  ✅ Processed elfua0201.bmp -> PNG (4984 bytes)
  ✅ Processed gnfua0301.bmp -> PNG (5211 bytes)
  ✅ Processed himfa0001.bmp -> PNG (3250 bytes)
  ✅ Processed werlg0001.bmp -> PNG (19131 bytes)
  ✅ Processed dwmhn0301.bmp -> PNG (5767 bytes)
  ✅ Processed gnmhe0022.bmp -> PNG (4494 bytes)
  ✅ Processed hamfa0101.bmp -> PNG (3237 bytes)
  ✅ Processed ermhn0301.bmp -> PNG (2333 bytes)
  ✅ Processed trfhe0012.bmp -> PNG (727 bytes)
  ✅ Processed hofhe0062.bmp -> PNG (3987 bytes)
  ✅ Processed skehn0002.bmp -> PNG (2591 bytes)
  ✅ Processed huflg0403.bmp -> PNG (4083 bytes)
  ✅ Processed bamhn0201.bmp -> PNG (4654 bytes)
  ✅ Processed ogflg0301.bmp -> PNG (17036 bytes)
  ✅ Processed trfft0001.bmp -> PNG (3278 bytes)
  ✅ Processed humua0301.bmp -> PNG (4601 bytes)
  ✅ Processed ogmlg0303.bmp -> PNG (3545 bytes)
  ✅ Processed humlg0401.bmp -> PNG (13074 bytes)
  ✅ Processed hufhe0022.bmp -> PNG (2861 bytes)
  ✅ Processed bafch0002.bmp -> PNG (795 bytes)
  ✅ Processed trmfa0301.bmp -> PNG (5184 bytes)
  ✅ Processed dwflg0303.bmp -> PNG (4697 bytes)
  ✅ Processed homlg0002.bmp -> PNG (6120 bytes)
  ✅ Processed bamhe0052.bmp -> PNG (107 bytes)
  ✅ Processed helm16.bmp -> PNG (2564 bytes)
  ✅ Processed ermlg0301.bmp -> PNG (19339 bytes)
  ✅ Processed humft0202.bmp -> PNG (94 bytes)
  ✅ Processed ermua0401.bmp -> PNG (6585 bytes)
  ✅ Processed dwmlg0301.bmp -> PNG (5729 bytes)
  ✅ Processed werhn0001.bmp -> PNG (5106 bytes)
  ✅ Processed ogfhn0301.bmp -> PNG (5395 bytes)
  ✅ Processed hifft0301.bmp -> PNG (4023 bytes)
  ✅ Processed bamlg0201.bmp -> PNG (36030 bytes)
  ✅ Processed woehe0004.bmp -> PNG (489 bytes)
  ✅ Processed dafft0202.bmp -> PNG (94 bytes)
  ✅ Processed helmleather02.bmp -> PNG (2698 bytes)
  ✅ Processed hofch0201.bmp -> PNG (17250 bytes)
  ✅ Processed elfft0302.bmp -> PNG (115 bytes)
  ✅ Processed hafft0201.bmp -> PNG (4098 bytes)
  ✅ Processed gnfft0202.bmp -> PNG (1279 bytes)
  ✅ Processed erfch0102.bmp -> PNG (495 bytes)
  ✅ Processed humhn0401.bmp -> PNG (4544 bytes)
  ✅ Processed dwmhe0001.bmp -> PNG (10064 bytes)
  ✅ Processed baflg0203.bmp -> PNG (5968 bytes)
  ✅ Processed dwfch0102.bmp -> PNG (731 bytes)
  ✅ Processed ermhe0001.bmp -> PNG (7525 bytes)
  ✅ Processed hifhe0062.bmp -> PNG (2067 bytes)
  ✅ Processed bafua0001.bmp -> PNG (3421 bytes)
  ✅ Processed elfhe0061.bmp -> PNG (8695 bytes)
  ✅ Processed hafhe0031.bmp -> PNG (9252 bytes)
  ✅ Processed dafhe0032.bmp -> PNG (5899 bytes)
  ✅ Processed ogmhe0011.bmp -> PNG (13201 bytes)
  ✅ Processed ermch0402.bmp -> PNG (891 bytes)
  ✅ Processed trmhe0002.bmp -> PNG (597 bytes)
  ✅ Processed hufhn0101.bmp -> PNG (2273 bytes)
  ✅ Processed gnfhe0032.bmp -> PNG (3729 bytes)
  ✅ Processed skefa0001.bmp -> PNG (4021 bytes)
  ✅ Processed trfch0101.bmp -> PNG (11639 bytes)
  ✅ Processed himhn0002.bmp -> PNG (1276 bytes)
  ✅ Processed ogmft0002.bmp -> PNG (8769 bytes)
  ✅ Processed clk0501.bmp -> PNG (8087 bytes)
  ✅ Processed elech0301.bmp -> PNG (60064 bytes)
  ✅ Processed damhn0101.bmp -> PNG (2713 bytes)
  ✅ Processed hamhn0102.bmp -> PNG (982 bytes)
  ✅ Processed homhe0072.bmp -> PNG (95 bytes)
  ✅ Processed elmhn0001.bmp -> PNG (3825 bytes)
  ✅ Processed gnmhn0101.bmp -> PNG (4256 bytes)
  ✅ Processed dwfua0101.bmp -> PNG (4222 bytes)
  ✅ Processed humhe0032.bmp -> PNG (95 bytes)
  ✅ Processed homfa0001.bmp -> PNG (2280 bytes)
  ✅ Processed binside.bmp -> PNG (8836 bytes)
  ✅ Processed erfua0101.bmp -> PNG (4459 bytes)
  ✅ Processed trmlg0302.bmp -> PNG (9336 bytes)
  ✅ Processed ogflg0202.bmp -> PNG (5713 bytes)
  ✅ Processed bamhn0302.bmp -> PNG (2709 bytes)
  ✅ Processed skehn0101.bmp -> PNG (5002 bytes)
  ✅ Processed hofhe0032.bmp -> PNG (6403 bytes)
  ✅ Processed huffa0001.bmp -> PNG (2449 bytes)
  ✅ Processed ermft0401.bmp -> PNG (2349 bytes)
  ✅ Processed hufhe0072.bmp -> PNG (3238 bytes)
  ✅ Processed trfft0102.bmp -> PNG (7419 bytes)
  ✅ Processed hafua0201.bmp -> PNG (5253 bytes)
  ✅ Processed helm9.bmp -> PNG (1421 bytes)
  ✅ Processed ogmch0001.bmp -> PNG (9947 bytes)
  ✅ Processed himhe0022.bmp -> PNG (4426 bytes)
  ✅ Processed homhn0101.bmp -> PNG (2273 bytes)
  ✅ Processed elmhe0021.bmp -> PNG (10608 bytes)
  ✅ Processed hamhe0071.bmp -> PNG (11269 bytes)
  ✅ Processed hifua0301.bmp -> PNG (4037 bytes)
  ✅ Processed gnmfa0001.bmp -> PNG (3289 bytes)
  ✅ Processed damhe0072.bmp -> PNG (94 bytes)
  ✅ Processed ogfhe0051.bmp -> PNG (10104 bytes)
  ✅ Processed elmfa0101.bmp -> PNG (4957 bytes)
  ✅ Processed ermhn0202.bmp -> PNG (1120 bytes)
  ✅ Processed trfhe0042.bmp -> PNG (791 bytes)
  ✅ Processed damfa0001.bmp -> PNG (2787 bytes)
  ✅ Processed gnmhe0072.bmp -> PNG (4657 bytes)
  ✅ Processed dwmhn0202.bmp -> PNG (1287 bytes)
  ✅ Processed himlg0101.bmp -> PNG (7840 bytes)
  ✅ Processed bafft0001.bmp -> PNG (2462 bytes)
  ✅ Processed damlg0002.bmp -> PNG (3768 bytes)
  ✅ Processed elmlg0102.bmp -> PNG (8570 bytes)
  ✅ Processed hamlg0001.bmp -> PNG (13655 bytes)
  ✅ Processed gnmlg0002.bmp -> PNG (5526 bytes)
  ✅ Processed haflg0003.bmp -> PNG (3125 bytes)
  ✅ Processed dwfhe0041.bmp -> PNG (9339 bytes)
  ✅ Processed humch0201.bmp -> PNG (22926 bytes)
  ✅ Processed trmhn0201.bmp -> PNG (5298 bytes)
  ✅ Processed erfhe0041.bmp -> PNG (7285 bytes)
  ✅ Processed hiflg0103.bmp -> PNG (4683 bytes)
  ✅ Processed hifch0302.bmp -> PNG (1275 bytes)
  ✅ Processed elfch0301.bmp -> PNG (18678 bytes)
  ✅ Processed hafch0202.bmp -> PNG (1277 bytes)
  ✅ Processed bafhe0012.bmp -> PNG (3362 bytes)
  ✅ Processed hofft0202.bmp -> PNG (6586 bytes)
  ✅ Processed dafch0201.bmp -> PNG (18179 bytes)
  ✅ Processed huflg0002.bmp -> PNG (9218 bytes)
  ✅ Processed erfft0101.bmp -> PNG (2197 bytes)
  ✅ Processed gnfch0201.bmp -> PNG (9009 bytes)
  ✅ Processed dwfft0101.bmp -> PNG (4243 bytes)
  ✅ Processed ogffa0201.bmp -> PNG (5574 bytes)
  ✅ Processed ogmhe0052.bmp -> PNG (94 bytes)
  ✅ Processed dafhe0071.bmp -> PNG (9633 bytes)
  ✅ Processed elfhe0022.bmp -> PNG (3079 bytes)
  ✅ Processed hofhn0102.bmp -> PNG (1758 bytes)
  ✅ Processed hafhe0072.bmp -> PNG (1810 bytes)
  ✅ Processed ogfch0002.bmp -> PNG (734 bytes)
  ✅ Processed damua0201.bmp -> PNG (4726 bytes)
  ✅ Processed hifhe0021.bmp -> PNG (14125 bytes)
  ✅ Processed elmua0301.bmp -> PNG (4817 bytes)
  ✅ Processed gnmua0201.bmp -> PNG (5524 bytes)
  ✅ Processed hiffa0101.bmp -> PNG (4352 bytes)
  ✅ Processed dwfhn0201.bmp -> PNG (5347 bytes)
  ✅ Processed gnfhe0071.bmp -> PNG (8520 bytes)
  ✅ Processed erfhn0201.bmp -> PNG (5121 bytes)
  ✅ Processed haffa0001.bmp -> PNG (1986 bytes)
  ✅ Processed trmhe0041.bmp -> PNG (12305 bytes)
  ✅ Processed homhe0031.bmp -> PNG (19610 bytes)
  ✅ Processed bafhn0301.bmp -> PNG (5717 bytes)
  ✅ Processed ogmlg0201.bmp -> PNG (22610 bytes)
  ✅ Processed hufua0201.bmp -> PNG (6556 bytes)
  ✅ Processed trmft0101.bmp -> PNG (3278 bytes)
  ✅ Processed humhe0071.bmp -> PNG (12308 bytes)
  ✅ Processed erfft0402.bmp -> PNG (6576 bytes)
  ✅ Processed ogfua0001.bmp -> PNG (3039 bytes)
  ✅ Processed damch0202.bmp -> PNG (999 bytes)
  ✅ Processed elehn0002.bmp -> PNG (2726 bytes)
  ✅ Processed huflg0003.bmp -> PNG (4291 bytes)
  ✅ Processed hamch0201.bmp -> PNG (20008 bytes)
  ✅ Processed bamhe0011.bmp -> PNG (17905 bytes)
  ✅ Processed elmch0302.bmp -> PNG (102 bytes)
  ✅ Processed homft0201.bmp -> PNG (2842 bytes)
  ✅ Processed himch0301.bmp -> PNG (15830 bytes)
  ✅ Processed dwmft0102.bmp -> PNG (95 bytes)
  ✅ Processed gnmch0202.bmp -> PNG (1487 bytes)
  ✅ Processed humlg0001.bmp -> PNG (8756 bytes)
  ✅ Processed woeft0001.bmp -> PNG (1046 bytes)
  ✅ Processed ermft0102.bmp -> PNG (1641 bytes)
  ✅ Processed haflg0002.bmp -> PNG (3845 bytes)
  ✅ Processed elflg0101.bmp -> PNG (14854 bytes)
  ✅ Processed gnmlg0003.bmp -> PNG (3001 bytes)
  ✅ Processed daflg0001.bmp -> PNG (14420 bytes)
  ✅ Processed bamft0002.bmp -> PNG (154 bytes)
  ✅ Processed hiflg0102.bmp -> PNG (3154 bytes)
  ✅ Processed trfhn0202.bmp -> PNG (2096 bytes)
  ✅ Processed ermhe0042.bmp -> PNG (2227 bytes)
  ✅ Processed hufch0202.bmp -> PNG (1166 bytes)
  ✅ Processed dwmhe0042.bmp -> PNG (5452 bytes)
  ✅ Processed damlg0003.bmp -> PNG (3651 bytes)
  ✅ Processed gnflg0001.bmp -> PNG (9808 bytes)
  ✅ Processed elmlg0103.bmp -> PNG (4672 bytes)
  ✅ Processed homch0202.bmp -> PNG (1272 bytes)
  ✅ Processed hamft0202.bmp -> PNG (178 bytes)
  ✅ Processed elmft0301.bmp -> PNG (4080 bytes)
  ✅ Processed damft0201.bmp -> PNG (4536 bytes)
  ✅ Processed baflg0202.bmp -> PNG (5899 bytes)
  ✅ Processed himft0302.bmp -> PNG (253 bytes)
  ✅ Processed ogmhn0302.bmp -> PNG (2083 bytes)
  ✅ Processed dwmch0101.bmp -> PNG (7760 bytes)
  ✅ Processed ermch0101.bmp -> PNG (11237 bytes)
  ✅ Processed woehe0005.bmp -> PNG (169 bytes)
  ✅ Processed hufhn0402.bmp -> PNG (1963 bytes)
  ✅ Processed helmleather03.bmp -> PNG (1857 bytes)
  ✅ Processed gnmft0201.bmp -> PNG (4806 bytes)
  ✅ Processed hoflg0001.bmp -> PNG (13431 bytes)
  ✅ Processed bafhe0051.bmp -> PNG (9782 bytes)
  ✅ Processed bamch0001.bmp -> PNG (14167 bytes)
  ✅ Processed dwflg0302.bmp -> PNG (10295 bytes)
  ✅ Processed homlg0003.bmp -> PNG (3567 bytes)
  ✅ Processed erflg0302.bmp -> PNG (1617 bytes)
  ✅ Processed hufft0201.bmp -> PNG (3933 bytes)
  ✅ Processed helm17.bmp -> PNG (1242 bytes)
  ✅ Processed trmua0101.bmp -> PNG (4413 bytes)
  ✅ Processed elfhn0002.bmp -> PNG (1875 bytes)
  ✅ Processed hafhn0101.bmp -> PNG (2446 bytes)
  ✅ Processed clk0406.bmp -> PNG (1941 bytes)
  ✅ Processed erffa0301.bmp -> PNG (5106 bytes)
  ✅ Processed hofhe0071.bmp -> PNG (9531 bytes)
  ✅ Processed dafhn0102.bmp -> PNG (2449 bytes)
  ✅ Processed homua0201.bmp -> PNG (5653 bytes)
  ✅ Processed dwffa0301.bmp -> PNG (3892 bytes)
  ✅ Processed trmlg0303.bmp -> PNG (3652 bytes)
  ✅ Processed ogfft0001.bmp -> PNG (2604 bytes)
  ✅ Processed hifhn0001.bmp -> PNG (3840 bytes)
  ✅ Processed trflg0301.bmp -> PNG (17886 bytes)
  ✅ Processed hufhe0031.bmp -> PNG (9846 bytes)
  ✅ Processed gnfhn0102.bmp -> PNG (1643 bytes)
  ✅ Processed elelg0101.bmp -> PNG (5212 bytes)
  ✅ Processed ogfhe0012.bmp -> PNG (4108 bytes)
  ✅ Processed damhe0031.bmp -> PNG (18464 bytes)
  ✅ Processed elmhe0062.bmp -> PNG (70 bytes)
  ✅ Processed hamhe0032.bmp -> PNG (95 bytes)
  ✅ Processed himhe0061.bmp -> PNG (19635 bytes)
  ✅ Processed trmch0102.bmp -> PNG (94 bytes)
  ✅ Processed baffa0201.bmp -> PNG (5785 bytes)
  ✅ Processed gnmhe0031.bmp -> PNG (8685 bytes)
  ✅ Processed erfch0401.bmp -> PNG (21382 bytes)
  ✅ Processed trfhe0001.bmp -> PNG (11427 bytes)
  ✅ Processed humhn0102.bmp -> PNG (1035 bytes)
  ✅ Processed daflg0003.bmp -> PNG (2406 bytes)
  ✅ Processed humch0202.bmp -> PNG (542 bytes)
  ✅ Processed dwfhe0042.bmp -> PNG (4654 bytes)
  ✅ Processed elflg0103.bmp -> PNG (4329 bytes)
  ✅ Processed gnmlg0001.bmp -> PNG (3456 bytes)
  ✅ Processed erfhe0042.bmp -> PNG (3629 bytes)
  ✅ Processed trmhn0202.bmp -> PNG (2131 bytes)
  ✅ Processed bafft0002.bmp -> PNG (169 bytes)
  ✅ Processed himlg0102.bmp -> PNG (5700 bytes)
  ✅ Processed gnflg0003.bmp -> PNG (2823 bytes)
  ✅ Processed hamlg0002.bmp -> PNG (6493 bytes)
  ✅ Processed elmlg0101.bmp -> PNG (18497 bytes)
  ✅ Processed damlg0001.bmp -> PNG (6518 bytes)
  ✅ Processed gnfch0202.bmp -> PNG (973 bytes)
  ✅ Processed erfft0102.bmp -> PNG (8999 bytes)
  ✅ Processed huflg0001.bmp -> PNG (18263 bytes)
  ✅ Processed dwfft0102.bmp -> PNG (195 bytes)
  ✅ Processed hifch0301.bmp -> PNG (14120 bytes)
  ✅ Processed humlg0003.bmp -> PNG (3991 bytes)
  ✅ Processed ogmua0001.bmp -> PNG (3479 bytes)
  ✅ Processed dafch0202.bmp -> PNG (1318 bytes)
  ✅ Processed hofft0201.bmp -> PNG (6586 bytes)
  ✅ Processed hafch0201.bmp -> PNG (20410 bytes)
  ✅ Processed bafhe0011.bmp -> PNG (9423 bytes)
  ✅ Processed elfch0302.bmp -> PNG (875 bytes)
  ✅ Processed ermft0402.bmp -> PNG (2026 bytes)
  ✅ Processed hufhe0071.bmp -> PNG (9675 bytes)
  ✅ Processed ogmlg0203.bmp -> PNG (4206 bytes)
  ✅ Processed trfft0101.bmp -> PNG (3278 bytes)
  ✅ Processed humua0201.bmp -> PNG (6015 bytes)
  ✅ Processed bamhn0301.bmp -> PNG (5550 bytes)
  ✅ Processed ogflg0201.bmp -> PNG (22689 bytes)
  ✅ Processed hofhe0031.bmp -> PNG (10404 bytes)
  ✅ Processed skehn0102.bmp -> PNG (2325 bytes)
  ✅ Processed gnmhe0071.bmp -> PNG (9039 bytes)
  ✅ Processed trfhe0041.bmp -> PNG (11965 bytes)
  ✅ Processed hamfa0001.bmp -> PNG (2871 bytes)
  ✅ Processed ermhn0201.bmp -> PNG (2333 bytes)
  ✅ Processed himfa0101.bmp -> PNG (3853 bytes)
  ✅ Processed gnfua0201.bmp -> PNG (4764 bytes)
  ✅ Processed dwmhn0201.bmp -> PNG (4498 bytes)
  ✅ Processed himhe0021.bmp -> PNG (17055 bytes)
  ✅ Processed ogmch0002.bmp -> PNG (734 bytes)
  ✅ Processed dafua0201.bmp -> PNG (3983 bytes)
  ✅ Processed elfua0301.bmp -> PNG (4729 bytes)
  ✅ Processed damhe0071.bmp -> PNG (19858 bytes)
  ✅ Processed ogfhe0052.bmp -> PNG (4729 bytes)
  ✅ Processed hamhe0072.bmp -> PNG (94 bytes)
  ✅ Processed homhn0102.bmp -> PNG (1035 bytes)
  ✅ Processed elmhe0022.bmp -> PNG (95 bytes)
  ✅ Processed gnfhe0031.bmp -> PNG (8554 bytes)
  ✅ Processed hufhn0102.bmp -> PNG (1131 bytes)
  ✅ Processed trmhe0001.bmp -> PNG (12130 bytes)
  ✅ Processed ermch0401.bmp -> PNG (19908 bytes)
  ✅ Processed trfch0102.bmp -> PNG (189 bytes)
  ✅ Processed bamfa0201.bmp -> PNG (5431 bytes)
  ✅ Processed hifhe0061.bmp -> PNG (15243 bytes)
  ✅ Processed dafhe0031.bmp -> PNG (9335 bytes)
  ✅ Processed ogmhe0012.bmp -> PNG (94 bytes)
  ✅ Processed hafhe0032.bmp -> PNG (5526 bytes)
  ✅ Processed elfhe0062.bmp -> PNG (3403 bytes)
  ✅ Processed humhe0031.bmp -> PNG (19712 bytes)
  ✅ Processed gnmhn0102.bmp -> PNG (2143 bytes)
  ✅ Processed clk0404.bmp -> PNG (2697 bytes)
  ✅ Processed trmlg0301.bmp -> PNG (20361 bytes)
  ✅ Processed dwmfa0301.bmp -> PNG (4282 bytes)
  ✅ Processed hofua0201.bmp -> PNG (3952 bytes)
  ✅ Processed clk0502.bmp -> PNG (500 bytes)
  ✅ Processed ogmft0001.bmp -> PNG (2938 bytes)
  ✅ Processed himhn0001.bmp -> PNG (2625 bytes)
  ✅ Processed trflg0303.bmp -> PNG (3678 bytes)
  ✅ Processed elmhn0002.bmp -> PNG (1852 bytes)
  ✅ Processed homhe0071.bmp -> PNG (19094 bytes)
  ✅ Processed ermfa0301.bmp -> PNG (3681 bytes)
  ✅ Processed hamhn0101.bmp -> PNG (2175 bytes)
  ✅ Processed damhn0102.bmp -> PNG (2371 bytes)
  ✅ Processed trfua0101.bmp -> PNG (4123 bytes)
  ✅ Processed humft0201.bmp -> PNG (4198 bytes)
  ✅ Processed bamhe0004.bmp -> PNG (2026 bytes)
  ✅ Processed dwmlg0302.bmp -> PNG (7305 bytes)
  ✅ Processed bafch0001.bmp -> PNG (11434 bytes)
  ✅ Processed helm15.bmp -> PNG (2656 bytes)
  ✅ Processed bamhe0102.bmp -> PNG (2049 bytes)
  ✅ Processed bamhe0051.bmp -> PNG (15780 bytes)
  ✅ Processed homlg0001.bmp -> PNG (10312 bytes)
  ✅ Processed dwmhe0002.bmp -> PNG (4045 bytes)
  ✅ Processed humhn0402.bmp -> PNG (1982 bytes)
  ✅ Processed erfch0101.bmp -> PNG (13544 bytes)
  ✅ Processed gnfft0201.bmp -> PNG (3663 bytes)
  ✅ Processed dwfch0101.bmp -> PNG (11426 bytes)
  ✅ Processed bamlg0202.bmp -> PNG (13544 bytes)
  ✅ Processed hifft0302.bmp -> PNG (103 bytes)
  ✅ Processed ogfhn0302.bmp -> PNG (1962 bytes)
  ✅ Processed eleua0301.bmp -> PNG (7659 bytes)
  ✅ Processed hafft0202.bmp -> PNG (95 bytes)
  ✅ Processed elfft0301.bmp -> PNG (3621 bytes)
  ✅ Processed hofch0202.bmp -> PNG (795 bytes)
  ✅ Processed dafft0201.bmp -> PNG (4934 bytes)
  ✅ Processed skelg0001.bmp -> PNG (2375 bytes)
  ✅ Processed woehe0007.bmp -> PNG (772 bytes)
  ✅ Processed clk0503.bmp -> PNG (1329 bytes)
  ✅ Processed trflg0302.bmp -> PNG (9499 bytes)
  ✅ Processed ermua0101.bmp -> PNG (4587 bytes)
  ✅ Processed gnfhn0101.bmp -> PNG (4551 bytes)
  ✅ Processed hoffa0001.bmp -> PNG (3807 bytes)
  ✅ Processed dwmua0101.bmp -> PNG (3427 bytes)
  ✅ Processed hufhe0032.bmp -> PNG (4295 bytes)
  ✅ Processed dafhn0101.bmp -> PNG (2684 bytes)
  ✅ Processed hofhe0072.bmp -> PNG (3396 bytes)
  ✅ Processed hafhn0102.bmp -> PNG (1880 bytes)
  ✅ Processed clk0405.bmp -> PNG (20919 bytes)
  ✅ Processed elfhn0001.bmp -> PNG (3953 bytes)
  ✅ Processed hifhn0002.bmp -> PNG (1842 bytes)
  ✅ Processed ogfft0002.bmp -> PNG (8540 bytes)
  ✅ Processed trmch0101.bmp -> PNG (11031 bytes)
  ✅ Processed humhn0101.bmp -> PNG (4031 bytes)
  ✅ Processed trfhe0002.bmp -> PNG (791 bytes)
  ✅ Processed erfch0402.bmp -> PNG (1244 bytes)
  ✅ Processed gnmhe0032.bmp -> PNG (4385 bytes)
  ✅ Processed bamua0001.bmp -> PNG (3532 bytes)
  ✅ Processed hamhe0031.bmp -> PNG (15566 bytes)
  ✅ Processed elmhe0061.bmp -> PNG (15477 bytes)
  ✅ Processed ogfhe0011.bmp -> PNG (11010 bytes)
  ✅ Processed damhe0032.bmp -> PNG (94 bytes)
  ✅ Processed elelg0102.bmp -> PNG (9126 bytes)
  ✅ Processed himhe0062.bmp -> PNG (95 bytes)
  ✅ Processed bamlg0203.bmp -> PNG (6967 bytes)
  ✅ Processed erfhe0001.bmp -> PNG (7843 bytes)
  ✅ Processed dwmch0102.bmp -> PNG (842 bytes)
  ✅ Processed gnmft0202.bmp -> PNG (239 bytes)
  ✅ Processed elefa0101.bmp -> PNG (5228 bytes)
  ✅ Processed woech0001.bmp -> PNG (22143 bytes)
  ✅ Processed hufhn0401.bmp -> PNG (5083 bytes)
  ✅ Processed woehe0006.bmp -> PNG (710 bytes)
  ✅ Processed ermch0102.bmp -> PNG (736 bytes)
  ✅ Processed damft0202.bmp -> PNG (104 bytes)
  ✅ Processed elmft0302.bmp -> PNG (157 bytes)
  ✅ Processed hamft0201.bmp -> PNG (2782 bytes)
  ✅ Processed homch0201.bmp -> PNG (19599 bytes)
  ✅ Processed ogmhn0301.bmp -> PNG (5258 bytes)
  ✅ Processed himft0301.bmp -> PNG (3474 bytes)
  ✅ Processed baflg0201.bmp -> PNG (33635 bytes)
  ✅ Processed dwflg0301.bmp -> PNG (15166 bytes)
  ✅ Processed erfua0401.bmp -> PNG (4908 bytes)
  ✅ Processed hufft0202.bmp -> PNG (239 bytes)
  ✅ Processed helm14.bmp -> PNG (2860 bytes)
  ✅ Processed erflg0301.bmp -> PNG (11482 bytes)
  ✅ Processed bamhe0103.bmp -> PNG (4732 bytes)
  ✅ Processed bafhe0052.bmp -> PNG (4239 bytes)
  ✅ Processed bamch0002.bmp -> PNG (999 bytes)
  ✅ Processed trffa0301.bmp -> PNG (5470 bytes)
  ✅ Processed bamhe0005.bmp -> PNG (4075 bytes)
  ✅ Processed dwmlg0303.bmp -> PNG (4915 bytes)
  ✅ Processed dwmft0101.bmp -> PNG (3156 bytes)
  ✅ Processed ogmfa0201.bmp -> PNG (5336 bytes)
  ✅ Processed ermft0101.bmp -> PNG (2274 bytes)
  ✅ Processed woeft0002.bmp -> PNG (305 bytes)
  ✅ Processed humlg0002.bmp -> PNG (4208 bytes)
  ✅ Processed gnmch0201.bmp -> PNG (11900 bytes)
  ✅ Processed homft0202.bmp -> PNG (7439 bytes)
  ✅ Processed elmch0301.bmp -> PNG (18488 bytes)
  ✅ Processed hamch0202.bmp -> PNG (741 bytes)
  ✅ Processed bamhe0012.bmp -> PNG (107 bytes)
  ✅ Processed elehn0001.bmp -> PNG (5380 bytes)
  ✅ Processed damch0201.bmp -> PNG (12090 bytes)
  ✅ Processed himch0302.bmp -> PNG (102 bytes)
  ✅ Processed himlg0103.bmp -> PNG (3085 bytes)
  ✅ Processed ermhe0041.bmp -> PNG (7012 bytes)
  ✅ Processed trfhn0201.bmp -> PNG (5291 bytes)
  ✅ Processed hamlg0003.bmp -> PNG (3519 bytes)
  ✅ Processed gnflg0002.bmp -> PNG (3248 bytes)
  ✅ Processed dwmhe0041.bmp -> PNG (10917 bytes)
  ✅ Processed hufch0201.bmp -> PNG (23402 bytes)
  ✅ Processed daflg0002.bmp -> PNG (4122 bytes)
  ✅ Processed elflg0102.bmp -> PNG (7229 bytes)
  ✅ Processed haflg0001.bmp -> PNG (7965 bytes)
  ✅ Processed hiflg0101.bmp -> PNG (11268 bytes)
  ✅ Processed bamft0001.bmp -> PNG (2853 bytes)
  ✅ Processed dwfhn0202.bmp -> PNG (1188 bytes)
  ✅ Processed elffa0101.bmp -> PNG (3355 bytes)
  ✅ Processed trmhe0042.bmp -> PNG (597 bytes)
  ✅ Processed erfhn0202.bmp -> PNG (2274 bytes)
  ✅ Processed daffa0001.bmp -> PNG (2259 bytes)
  ✅ Processed gnfhe0072.bmp -> PNG (3729 bytes)
  ✅ Processed hafhe0071.bmp -> PNG (8303 bytes)
  ✅ Processed elfhe0021.bmp -> PNG (8500 bytes)
  ✅ Processed hofhn0101.bmp -> PNG (3869 bytes)
  ✅ Processed gnffa0001.bmp -> PNG (2867 bytes)
  ✅ Processed ogmhe0051.bmp -> PNG (12489 bytes)
  ✅ Processed dafhe0072.bmp -> PNG (5899 bytes)
  ✅ Processed himua0301.bmp -> PNG (6552 bytes)
  ✅ Processed hamua0201.bmp -> PNG (4924 bytes)
  ✅ Processed hifhe0022.bmp -> PNG (2059 bytes)
  ✅ Processed ogfch0001.bmp -> PNG (9397 bytes)
  ✅ Processed trmft0102.bmp -> PNG (6719 bytes)
  ✅ Processed humhe0072.bmp -> PNG (95 bytes)
  ✅ Processed erfft0401.bmp -> PNG (2436 bytes)
  ✅ Processed humfa0001.bmp -> PNG (2744 bytes)
  ✅ Processed homhe0032.bmp -> PNG (95 bytes)
  ✅ Processed ogmlg0202.bmp -> PNG (9265 bytes)
  ✅ Processed bafhn0302.bmp -> PNG (2864 bytes)
Done processing images global_chr.s3d - 1616
WldFileCharacters: Track not assigned: EYE_TRACK
WldFileCharacters: Track not assigned: L01ZOM_TRACK
WldFileCharacters: Track not assigned: L01ZOMPE_TRACK
WldFileCharacters: Track not assigned: L01ZOMTH_R_TRACK
WldFileCharacters: Track not assigned: L01ZOMCA_R_TRACK
WldFileCharacters: Track not assigned: L01ZOMBO_R_TRACK
WldFileCharacters: Track not assigned: L01ZOMTO_R_TRACK
WldFileCharacters: Track not assigned: L01ZOMTH_L_TRACK
WldFileCharacters: Track not assigned: L01ZOMCA_L_TRACK
WldFileCharacters: Track not assigned: L01ZOMBO_L_TRACK
WldFileCharacters: Track not assigned: L01ZOMTO_L_TRACK
WldFileCharacters: Track not assigned: L01ZOMCH_TRACK
WldFileCharacters: Track not assigned: L01ZOMBI_R_TRACK
WldFileCharacters: Track not assigned: L01ZOMFO_R_TRACK
WldFileCharacters: Track not assigned: L01ZOMFI_R_TRACK
WldFileCharacters: Track not assigned: L01ZOMNE_TRACK
WldFileCharacters: Track not assigned: L01ZOMHE_TRACK
WldFileCharacters: Track not assigned: L01ZOMBI_L_TRACK
WldFileCharacters: Track not assigned: L01ZOMFO_L_TRACK
WldFileCharacters: Track not assigned: L01ZOMFI_L_TRACK
WldFileCharacters: Track not assigned: L02ZOM_TRACK
WldFileCharacters: Track not assigned: L02ZOMPE_TRACK
WldFileCharacters: Track not assigned: L02ZOMTH_R_TRACK
WldFileCharacters: Track not assigned: L02ZOMCA_R_TRACK
WldFileCharacters: Track not assigned: L02ZOMBO_R_TRACK
WldFileCharacters: Track not assigned: L02ZOMTO_R_TRACK
WldFileCharacters: Track not assigned: L02ZOMTO_R2_TRACK
WldFileCharacters: Track not assigned: L02ZOMTH_L_TRACK
WldFileCharacters: Track not assigned: L02ZOMCA_L_TRACK
WldFileCharacters: Track not assigned: L02ZOMBO_L_TRACK
WldFileCharacters: Track not assigned: L02ZOMTO_L_TRACK
WldFileCharacters: Track not assigned: L02ZOMTO_L2_TRACK
WldFileCharacters: Track not assigned: L02ZOMCH_TRACK
WldFileCharacters: Track not assigned: L02ZOMBI_R_TRACK
WldFileCharacters: Track not assigned: L02ZOMFO_R_TRACK
WldFileCharacters: Track not assigned: L02ZOMFI_R_TRACK
WldFileCharacters: Track not assigned: L02ZOMFI_R2_TRACK
WldFileCharacters: Track not assigned: L02ZOMNE_TRACK
WldFileCharacters: Track not assigned: L02ZOMHE_TRACK
WldFileCharacters: Track not assigned: L02ZOMHE2_TRACK
WldFileCharacters: Track not assigned: L02ZOMBI_L_TRACK
WldFileCharacters: Track not assigned: L02ZOMFO_L_TRACK
WldFileCharacters: Track not assigned: L02ZOMFI_L_TRACK
WldFileCharacters: Track not assigned: L02ZOMFI_L2_TRACK
WldFileCharacters: Track not assigned: O01ZOM_TRACK
WldFileCharacters: Track not assigned: O01ZOMPE_TRACK
WldFileCharacters: Track not assigned: O01ZOMTH_R_TRACK
WldFileCharacters: Track not assigned: O01ZOMCA_R_TRACK
WldFileCharacters: Track not assigned: O01ZOMBO_R_TRACK
WldFileCharacters: Track not assigned: O01ZOMTO_R_TRACK
WldFileCharacters: Track not assigned: O01ZOMTO_R2_TRACK
WldFileCharacters: Track not assigned: O01ZOMTH_L_TRACK
WldFileCharacters: Track not assigned: O01ZOMCA_L_TRACK
WldFileCharacters: Track not assigned: O01ZOMBO_L_TRACK
WldFileCharacters: Track not assigned: O01ZOMTO_L_TRACK
WldFileCharacters: Track not assigned: O01ZOMTO_L2_TRACK
WldFileCharacters: Track not assigned: O01ZOMCH_TRACK
WldFileCharacters: Track not assigned: O01ZOMBI_R_TRACK
WldFileCharacters: Track not assigned: O01ZOMFO_R_TRACK
WldFileCharacters: Track not assigned: O01ZOMFI_R_TRACK
WldFileCharacters: Track not assigned: O01ZOMFI_R2_TRACK
WldFileCharacters: Track not assigned: O01ZOMNE_TRACK
WldFileCharacters: Track not assigned: O01ZOMHE_TRACK
WldFileCharacters: Track not assigned: O01ZOMHE2_TRACK
WldFileCharacters: Track not assigned: O01ZOMBI_L_TRACK
WldFileCharacters: Track not assigned: O01ZOMFO_L_TRACK
WldFileCharacters: Track not assigned: O01ZOMFI_L_TRACK
WldFileCharacters: Track not assigned: O01ZOMFI_L2_TRACK
WldFileCharacters: Track not assigned: P01ZOM_TRACK
WldFileCharacters: Track not assigned: P01ZOMPE_TRACK
WldFileCharacters: Track not assigned: P01ZOMTH_R_TRACK
WldFileCharacters: Track not assigned: P01ZOMCA_R_TRACK
WldFileCharacters: Track not assigned: P01ZOMBO_R_TRACK
WldFileCharacters: Track not assigned: P01ZOMTO_R_TRACK
WldFileCharacters: Track not assigned: P01ZOMTO_R2_TRACK
WldFileCharacters: Track not assigned: P01ZOMTH_L_TRACK
WldFileCharacters: Track not assigned: P01ZOMCA_L_TRACK
WldFileCharacters: Track not assigned: P01ZOMBO_L_TRACK
WldFileCharacters: Track not assigned: P01ZOMTO_L_TRACK
WldFileCharacters: Track not assigned: P01ZOMTO_L2_TRACK
WldFileCharacters: Track not assigned: P01ZOMCH_TRACK
WldFileCharacters: Track not assigned: P01ZOMBI_R_TRACK
WldFileCharacters: Track not assigned: P01ZOMFO_R_TRACK
WldFileCharacters: Track not assigned: P01ZOMFI_R_TRACK
WldFileCharacters: Track not assigned: P01ZOMFI_R2_TRACK
WldFileCharacters: Track not assigned: P01ZOMNE_TRACK
WldFileCharacters: Track not assigned: P01ZOMHE_TRACK
WldFileCharacters: Track not assigned: P01ZOMHE2_TRACK
WldFileCharacters: Track not assigned: P01ZOMBI_L_TRACK
WldFileCharacters: Track not assigned: P01ZOMFO_L_TRACK
WldFileCharacters: Track not assigned: P01ZOMFI_L_TRACK
WldFileCharacters: Track not assigned: P01ZOMFI_L2_TRACK
WldFileCharacters: Track not assigned: P05BOX03_TRACK
WldFileCharacters: Track not assigned: T03BOX03_TRACK
WldFileCharacters: Track not assigned: EYE_TRACK
WldFileCharacters: Track not assigned: L01ZOM_TRACK
WldFileCharacters: Track not assigned: L01ZOMPE_TRACK
WldFileCharacters: Track not assigned: L01ZOMTH_R_TRACK
WldFileCharacters: Track not assigned: L01ZOMCA_R_TRACK
WldFileCharacters: Track not assigned: L01ZOMBO_R_TRACK
WldFileCharacters: Track not assigned: L01ZOMTO_R_TRACK
WldFileCharacters: Track not assigned: L01ZOMTH_L_TRACK
WldFileCharacters: Track not assigned: L01ZOMCA_L_TRACK
WldFileCharacters: Track not assigned: L01ZOMBO_L_TRACK
WldFileCharacters: Track not assigned: L01ZOMTO_L_TRACK
WldFileCharacters: Track not assigned: L01ZOMCH_TRACK
WldFileCharacters: Track not assigned: L01ZOMBI_R_TRACK
WldFileCharacters: Track not assigned: L01ZOMFO_R_TRACK
WldFileCharacters: Track not assigned: L01ZOMFI_R_TRACK
WldFileCharacters: Track not assigned: L01ZOMNE_TRACK
WldFileCharacters: Track not assigned: L01ZOMHE_TRACK
WldFileCharacters: Track not assigned: L01ZOMBI_L_TRACK
WldFileCharacters: Track not assigned: L01ZOMFO_L_TRACK
WldFileCharacters: Track not assigned: L01ZOMFI_L_TRACK
WldFileCharacters: Track not assigned: L02ZOM_TRACK
WldFileCharacters: Track not assigned: L02ZOMPE_TRACK
WldFileCharacters: Track not assigned: L02ZOMTH_R_TRACK
WldFileCharacters: Track not assigned: L02ZOMCA_R_TRACK
WldFileCharacters: Track not assigned: L02ZOMBO_R_TRACK
WldFileCharacters: Track not assigned: L02ZOMTO_R_TRACK
WldFileCharacters: Track not assigned: L02ZOMTO_R2_TRACK
WldFileCharacters: Track not assigned: L02ZOMTH_L_TRACK
WldFileCharacters: Track not assigned: L02ZOMCA_L_TRACK
WldFileCharacters: Track not assigned: L02ZOMBO_L_TRACK
WldFileCharacters: Track not assigned: L02ZOMTO_L_TRACK
WldFileCharacters: Track not assigned: L02ZOMTO_L2_TRACK
WldFileCharacters: Track not assigned: L02ZOMCH_TRACK
WldFileCharacters: Track not assigned: L02ZOMBI_R_TRACK
WldFileCharacters: Track not assigned: L02ZOMFO_R_TRACK
WldFileCharacters: Track not assigned: L02ZOMFI_R_TRACK
WldFileCharacters: Track not assigned: L02ZOMFI_R2_TRACK
WldFileCharacters: Track not assigned: L02ZOMNE_TRACK
WldFileCharacters: Track not assigned: L02ZOMHE_TRACK
WldFileCharacters: Track not assigned: L02ZOMHE2_TRACK
WldFileCharacters: Track not assigned: L02ZOMBI_L_TRACK
WldFileCharacters: Track not assigned: L02ZOMFO_L_TRACK
WldFileCharacters: Track not assigned: L02ZOMFI_L_TRACK
WldFileCharacters: Track not assigned: L02ZOMFI_L2_TRACK
WldFileCharacters: Track not assigned: O01ZOM_TRACK
WldFileCharacters: Track not assigned: O01ZOMPE_TRACK
WldFileCharacters: Track not assigned: O01ZOMTH_R_TRACK
WldFileCharacters: Track not assigned: O01ZOMCA_R_TRACK
WldFileCharacters: Track not assigned: O01ZOMBO_R_TRACK
WldFileCharacters: Track not assigned: O01ZOMTO_R_TRACK
WldFileCharacters: Track not assigned: O01ZOMTO_R2_TRACK
WldFileCharacters: Track not assigned: O01ZOMTH_L_TRACK
WldFileCharacters: Track not assigned: O01ZOMCA_L_TRACK
WldFileCharacters: Track not assigned: O01ZOMBO_L_TRACK
WldFileCharacters: Track not assigned: O01ZOMTO_L_TRACK
WldFileCharacters: Track not assigned: O01ZOMTO_L2_TRACK
WldFileCharacters: Track not assigned: O01ZOMCH_TRACK
WldFileCharacters: Track not assigned: O01ZOMBI_R_TRACK
WldFileCharacters: Track not assigned: O01ZOMFO_R_TRACK
WldFileCharacters: Track not assigned: O01ZOMFI_R_TRACK
WldFileCharacters: Track not assigned: O01ZOMFI_R2_TRACK
WldFileCharacters: Track not assigned: O01ZOMNE_TRACK
WldFileCharacters: Track not assigned: O01ZOMHE_TRACK
WldFileCharacters: Track not assigned: O01ZOMHE2_TRACK
WldFileCharacters: Track not assigned: O01ZOMBI_L_TRACK
WldFileCharacters: Track not assigned: O01ZOMFO_L_TRACK
WldFileCharacters: Track not assigned: O01ZOMFI_L_TRACK
WldFileCharacters: Track not assigned: O01ZOMFI_L2_TRACK
WldFileCharacters: Track not assigned: P01ZOM_TRACK
WldFileCharacters: Track not assigned: P01ZOMPE_TRACK
WldFileCharacters: Track not assigned: P01ZOMTH_R_TRACK
WldFileCharacters: Track not assigned: P01ZOMCA_R_TRACK
WldFileCharacters: Track not assigned: P01ZOMBO_R_TRACK
WldFileCharacters: Track not assigned: P01ZOMTO_R_TRACK
WldFileCharacters: Track not assigned: P01ZOMTO_R2_TRACK
WldFileCharacters: Track not assigned: P01ZOMTH_L_TRACK
WldFileCharacters: Track not assigned: P01ZOMCA_L_TRACK
WldFileCharacters: Track not assigned: P01ZOMBO_L_TRACK
WldFileCharacters: Track not assigned: P01ZOMTO_L_TRACK
WldFileCharacters: Track not assigned: P01ZOMTO_L2_TRACK
WldFileCharacters: Track not assigned: P01ZOMCH_TRACK
WldFileCharacters: Track not assigned: P01ZOMBI_R_TRACK
WldFileCharacters: Track not assigned: P01ZOMFO_R_TRACK
WldFileCharacters: Track not assigned: P01ZOMFI_R_TRACK
WldFileCharacters: Track not assigned: P01ZOMFI_R2_TRACK
WldFileCharacters: Track not assigned: P01ZOMNE_TRACK
WldFileCharacters: Track not assigned: P01ZOMHE_TRACK
WldFileCharacters: Track not assigned: P01ZOMHE2_TRACK
WldFileCharacters: Track not assigned: P01ZOMBI_L_TRACK
WldFileCharacters: Track not assigned: P01ZOMFO_L_TRACK
WldFileCharacters: Track not assigned: P01ZOMFI_L_TRACK
WldFileCharacters: Track not assigned: P01ZOMFI_L2_TRACK
WldFileCharacters: Track not assigned: P05BOX03_TRACK
WldFileCharacters: Track not assigned: T03BOX03_TRACK
  Animation Lookup: Race=wer, DerivedBase=werhe00
  Baking texture: werhe0001
  Baking texture: werhe0007
  Baking texture: werhe0006
  Baking texture: werhe0005
  Baking texture: werhe0002
  Baking texture: werhe0004
  Baking texture: werhe0003
  Baking texture: werhn0001
  Baking texture: werch0001
  Baking texture: werua0001
  Baking texture: werlg0001
  Baking texture: werfa0001
  Baking texture: werft0001
  Baking texture: werft0002
  Animation Lookup: Race=dwf, DerivedBase=dwfhe00
  Missing texture data for: dwfhe0001
  Missing texture data for: dwfhe0002
  Baking texture: HELM7
  Baking texture: HELM13
  Baking texture: helmleather03
  Baking texture: chain01
  Baking texture: dwfch0001
  Baking texture: dwffa0001
  Baking texture: dwfua0001
  Baking texture: dwflg0002
  Baking texture: dwfft0002
  Baking texture: dwflg0003
  Baking texture: dwfft0001
  Baking texture: dwfch0002
  Baking texture: dwflg0001
  Baking texture: dwfhn0001
  Baking texture: dwfhn0002
💥 Extraction Failed: TypeError: Cannot set properties of undefined (setting 'byteOffset')
    at file:///home/tommy/eqsage/node_modules/@gltf-transform/core/dist/index.modern.js:5411:66
    at Array.forEach (<anonymous>)
    at GLTFWriter.write (file:///home/tommy/eqsage/node_modules/@gltf-transform/core/dist/index.modern.js:5334:24)
    at WebIO.writeJSON (file:///home/tommy/eqsage/node_modules/@gltf-transform/core/dist/index.modern.js:5815:23)
    at WebIO.writeBinary (file:///home/tommy/eqsage/node_modules/@gltf-transform/core/dist/index.modern.js:5829:20)
    at S3DDecoder.exportSkinnedMeshes (file:///home/tommy/eqsage/sage/lib/s3d/s3d-decoder.js:410:30)
    at async S3DDecoder.exportModels (file:///home/tommy/eqsage/sage/lib/s3d/s3d-decoder.js:766:7)
    at async S3DDecoder.export (file:///home/tommy/eqsage/sage/lib/s3d/s3d-decoder.js:1489:11)
    at async extractCharacter (file:///home/tommy/Desktop/MobileClient/extract_sage_local.mjs:202:13)
