
🔍 Loading globalbam_chr.s3d...
Processing S3D:  globalbam_chr.s3d Skip Images:  false
Processing WLD file - globalbam_chr.wld
Processed - globalbam_chr.s3d
🖼️ Processing 145 images...
  ✅ Processed bamhn0201.dds -> PNG (7266 bytes)
  ✅ Processed bamhesk51.dds -> PNG (36169 bytes)
  ✅ Processed bamhesk04.dds -> PNG (1507 bytes)
  ✅ Processed bamchsk03.dds -> PNG (74958 bytes)
  ✅ Processed bamlg0302.dds -> PNG (26395 bytes)
  ✅ Processed bamhe0104.dds -> PNG (69 bytes)
  ✅ Processed bamch0103.dds -> PNG (130843 bytes)
  ✅ Processed chr_eye001.dds -> PNG (6264 bytes)
  ✅ Processed bamhe0002.dds -> PNG (114 bytes)
  ✅ Processed bamfa0301.dds -> PNG (34308 bytes)
  ✅ Processed bamhe0003.dds -> PNG (130 bytes)
  ✅ Processed bamhe0105.dds -> PNG (69 bytes)
  ✅ Processed bamch0102.dds -> PNG (14134 bytes)
  ✅ Processed bamhesk05.dds -> PNG (1408 bytes)
  ✅ Processed bamchsk02.dds -> PNG (9772 bytes)
  ✅ Processed bamlg0303.dds -> PNG (4312 bytes)
  ✅ Processed bamua0101.dds -> PNG (8036 bytes)
  ✅ Processed bamuask01.dds -> PNG (4674 bytes)
  ✅ Processed bamhe0501.dds -> PNG (36570 bytes)
  ✅ Processed bamft0101.dds -> PNG (7222 bytes)
  ✅ Processed bamftsk01.dds -> PNG (5238 bytes)
  ✅ Processed bamhe0405.dds -> PNG (69 bytes)
  ✅ Processed bamfa0302.dds -> PNG (34308 bytes)
  ✅ Processed bamhesk07.dds -> PNG (1980 bytes)
  ✅ Processed bamlg0301.dds -> PNG (60432 bytes)
  ✅ Processed bamhe0001.dds -> PNG (185 bytes)
  ✅ Processed bamftsk03.dds -> PNG (1406 bytes)
  ✅ Processed bamft0103.dds -> PNG (1845 bytes)
  ✅ Processed bamhesk45.dds -> PNG (1408 bytes)
  ✅ Processed bamhn0202.dds -> PNG (7389 bytes)
  ✅ Processed bamft0102.dds -> PNG (1441 bytes)
  ✅ Processed bamhesk44.dds -> PNG (1501 bytes)
  ✅ Processed bamft0004.dds -> PNG (11791 bytes)
  ✅ Processed bamhesk11.dds -> PNG (36625 bytes)
  ✅ Processed bamftsk02.dds -> PNG (2673 bytes)
  ✅ Processed bamhn0203.dds -> PNG (211 bytes)
  ✅ Processed bamua0102.dds -> PNG (25014 bytes)
  ✅ Processed bamuask02.dds -> PNG (19697 bytes)
  ✅ Processed bamhe0404.dds -> PNG (69 bytes)
  ✅ Processed bamch0101.dds -> PNG (90 bytes)
  ✅ Processed bamchsk01.dds -> PNG (2521 bytes)
  ✅ Processed bamhesk06.dds -> PNG (4703 bytes)
  ✅ Processed bamhesk14.dds -> PNG (1501 bytes)
  ✅ Processed bamft0001.dds -> PNG (2955 bytes)
  ✅ Processed bamhesk41.dds -> PNG (35470 bytes)
  ✅ Processed bamhesk03.dds -> PNG (1027 bytes)
  ✅ Processed bamlg0203.dds -> PNG (7400 bytes)
  ✅ Processed bamhe0005.dds -> PNG (134 bytes)
  ✅ Processed bamch0002.dds -> PNG (69 bytes)
  ✅ Processed bamhe0401.dds -> PNG (37934 bytes)
  ✅ Processed bamua0001.dds -> PNG (69 bytes)
  ✅ Processed bamhe0004.dds -> PNG (123 bytes)
  ✅ Processed bamch0003.dds -> PNG (81659 bytes)
  ✅ Processed bamlg0202.dds -> PNG (26462 bytes)
  ✅ Processed bamhesk02.dds -> PNG (1297 bytes)
  ✅ Processed bamfa0201.dds -> PNG (26750 bytes)
  ✅ Processed bamhn0301.dds -> PNG (6725 bytes)
  ✅ Processed bamhesk15.dds -> PNG (1408 bytes)
  ✅ Processed bamhe0504.dds -> PNG (69 bytes)
  ✅ Processed bamua0002.dds -> PNG (69 bytes)
  ✅ Processed bamhesk55.dds -> PNG (1408 bytes)
  ✅ Processed bamch0001.dds -> PNG (69 bytes)
  ✅ Processed bamhe0006.dds -> PNG (135 bytes)
  ✅ Processed bamftsk04.dds -> PNG (17180 bytes)
  ✅ Processed bamft0104.dds -> PNG (27306 bytes)
  ✅ Processed bamft0002.dds -> PNG (1593 bytes)
  ✅ Processed bamhn0303.dds -> PNG (1823 bytes)
  ✅ Processed bamft0003.dds -> PNG (479 bytes)
  ✅ Processed bamhn0302.dds -> PNG (6521 bytes)
  ✅ Processed bamfa0202.dds -> PNG (26750 bytes)
  ✅ Processed bamhe0505.dds -> PNG (69 bytes)
  ✅ Processed bamhe0007.dds -> PNG (189 bytes)
  ✅ Processed bamhe0101.dds -> PNG (35946 bytes)
  ✅ Processed bamhesk01.dds -> PNG (34141 bytes)
  ✅ Processed bamlg0201.dds -> PNG (42739 bytes)
  ✅ Processed bamhesk54.dds -> PNG (1354 bytes)
  ✅ Processed bamhn0003.dds -> PNG (69 bytes)
  ✅ Processed bamhe0804.dds -> PNG (69 bytes)
  ✅ Processed bamft0204.dds -> PNG (26739 bytes)
  ✅ Processed bamft0302.dds -> PNG (3344 bytes)
  ✅ Processed bamhe0604.dds -> PNG (1361 bytes)
  ✅ Processed bamhesk25.dds -> PNG (1408 bytes)
  ✅ Processed bamua0302.dds -> PNG (31224 bytes)
  ✅ Processed bamlgsk01.dds -> PNG (29660 bytes)
  ✅ Processed bamhe0201.dds -> PNG (38585 bytes)
  ✅ Processed bamlg0101.dds -> PNG (59368 bytes)
  ✅ Processed bamfa0102.dds -> PNG (27611 bytes)
  ✅ Processed bamhesk71.dds -> PNG (35976 bytes)
  ✅ Processed bamfask02.dds -> PNG (18709 bytes)
  ✅ Processed bamhe0605.dds -> PNG (1489 bytes)
  ✅ Processed bamhesk24.dds -> PNG (1516 bytes)
  ✅ Processed bamhn0002.dds -> PNG (69 bytes)
  ✅ Processed bamft0303.dds -> PNG (2072 bytes)
  ✅ Processed bamhe0805.dds -> PNG (69 bytes)
  ✅ Processed bamhe0701.dds -> PNG (35183 bytes)
  ✅ Processed bamua0301.dds -> PNG (8723 bytes)
  ✅ Processed bamlg0103.dds -> PNG (90 bytes)
  ✅ Processed bamhe0305.dds -> PNG (69 bytes)
  ✅ Processed bamlgsk03.dds -> PNG (4449 bytes)
  ✅ Processed bamft0301.dds -> PNG (6712 bytes)
  ✅ Processed bamhesk64.dds -> PNG (1501 bytes)
  ✅ Processed bamhesk31.dds -> PNG (36400 bytes)
  ✅ Processed bamhn0001.dds -> PNG (69 bytes)
  ✅ Processed bamhesk65.dds -> PNG (1408 bytes)
  ✅ Processed bamfa0101.dds -> PNG (27611 bytes)
  ✅ Processed bamfask01.dds -> PNG (18709 bytes)
  ✅ Processed bamhesk08.dds -> PNG (1656 bytes)
  ✅ Processed bamhe0304.dds -> PNG (69 bytes)
  ✅ Processed bamlgsk02.dds -> PNG (17742 bytes)
  ✅ Processed bamlg0102.dds -> PNG (30307 bytes)
  ✅ Processed bamhnsk02.dds -> PNG (4858 bytes)
  ✅ Processed bamhn0102.dds -> PNG (7530 bytes)
  ✅ Processed bamhesk35.dds -> PNG (1408 bytes)
  ✅ Processed bamft0203.dds -> PNG (810 bytes)
  ✅ Processed bamlg0001.dds -> PNG (47534 bytes)
  ✅ Processed bamhe0301.dds -> PNG (37666 bytes)
  ✅ Processed bamhe0705.dds -> PNG (69 bytes)
  ✅ Processed bamfa0002.dds -> PNG (16849 bytes)
  ✅ Processed bamch0201.dds -> PNG (3327 bytes)
  ✅ Processed bamua0202.dds -> PNG (33098 bytes)
  ✅ Processed bamhe0704.dds -> PNG (69 bytes)
  ✅ Processed bamhesk34.dds -> PNG (1501 bytes)
  ✅ Processed bamhn0103.dds -> PNG (1998 bytes)
  ✅ Processed bamhesk61.dds -> PNG (37090 bytes)
  ✅ Processed bamhnsk03.dds -> PNG (1414 bytes)
  ✅ Processed bamft0202.dds -> PNG (2850 bytes)
  ✅ Processed bamft0304.dds -> PNG (28873 bytes)
  ✅ Processed bamhesk21.dds -> PNG (36596 bytes)
  ✅ Processed bamhesk74.dds -> PNG (1490 bytes)
  ✅ Processed bamfa0001.dds -> PNG (16849 bytes)
  ✅ Processed bamhe0008.dds -> PNG (153 bytes)
  ✅ Processed bamlg0002.dds -> PNG (19046 bytes)
  ✅ Processed bamhe0204.dds -> PNG (69 bytes)
  ✅ Processed bamch0203.dds -> PNG (150205 bytes)
  ✅ Processed bamhnsk01.dds -> PNG (5545 bytes)
  ✅ Processed bamhn0101.dds -> PNG (8134 bytes)
  ✅ Processed bamft0201.dds -> PNG (5178 bytes)
  ✅ Processed bamhe0801.dds -> PNG (38312 bytes)
(node:26801) [MODULE_TYPELESS_PACKAGE_JSON] Warning: Module type of file:///home/tommy/eqsage/sage/lib/s3d/s3d-decoder.js is not specified and it doesn't parse as CommonJS.
Reparsing as ES module because module syntax was detected. This incurs a performance overhead.
To eliminate this warning, add "type": "module" to /home/tommy/eqsage/sage/package.json.
(Use `node --trace-warnings ...` to show where the warning was created)
  ✅ Processed palette.bmp -> PNG (15974 bytes)
  ✅ Processed bamua0201.dds -> PNG (9078 bytes)
  ✅ Processed bamhesk75.dds -> PNG (1408 bytes)
  ✅ Processed bamhe0601.dds -> PNG (36558 bytes)
  ✅ Processed bamhe0205.dds -> PNG (69 bytes)
  ✅ Processed bamch0202.dds -> PNG (16830 bytes)
  ✅ Processed bamlg0003.dds -> PNG (69 bytes)
Done processing images globalbam_chr.s3d - 145
📦 Exporting GLB for globalbam_chr (Skeleton: bam)...
  Baking texture: bamch0002
  Baking texture: bamch0003
  Baking texture: bamlg0001
  Baking texture: bamlg0003
  Baking texture: bamft0004
  Baking texture: bamlg0002
  Baking texture: bamfa0001
  Baking texture: bamua0002
  Baking texture: bamua0001
  Baking texture: bamhn0001
  Baking texture: bamhn0002
  Baking texture: bamhn0003
  Baking texture: bamft0001
  Baking texture: bamft0002
  Baking texture: bamft0003
  Baking texture: bamch0001
  Baking texture: bamfa0002
  Baking texture: bamhe0008
  Baking texture: bamhe0001
  Baking texture: bamhe0004
  Baking texture: bamhe0005
  Baking texture: bamhe0002
  Baking texture: bamhe0003
  Baking texture: bamhe0007
  Baking texture: bamhe0006
  Missing texture data for: bamr_eye
  Missing texture data for: baml_eye
💥 Extraction Failed: TypeError: writable.getWriter is not a function
    at writeEQFile (file:///home/tommy/eqsage/sage/lib/util/fileHandler.js:182:20)
    at async S3DDecoder.exportSkinnedMeshes (file:///home/tommy/eqsage/sage/lib/s3d/s3d-decoder.js:400:7)
    at async S3DArchive.exportToGLB (file:///home/tommy/Desktop/MobileClient/extract_sage_local.mjs:153:25)
    at async extractCharacter (file:///home/tommy/Desktop/MobileClient/extract_sage_local.mjs:179:25)
