
🔍 Loading globalbam_chr.s3d...
Processing S3D:  globalbam_chr.s3d Skip Images:  false
Processing WLD file - globalbam_chr.wld
Processed - globalbam_chr.s3d
🖼️ Processing 145 images...
⚠️ DDS conversion not fully implemented for bamhn0201.dds, skipping
⚠️ DDS conversion not fully implemented for bamhesk51.dds, skipping
⚠️ DDS conversion not fully implemented for bamhesk04.dds, skipping
⚠️ DDS conversion not fully implemented for bamchsk03.dds, skipping
⚠️ DDS conversion not fully implemented for bamlg0302.dds, skipping
⚠️ DDS conversion not fully implemented for bamhe0104.dds, skipping
⚠️ DDS conversion not fully implemented for bamch0103.dds, skipping
⚠️ DDS conversion not fully implemented for chr_eye001.dds, skipping
⚠️ DDS conversion not fully implemented for bamhe0002.dds, skipping
⚠️ DDS conversion not fully implemented for bamfa0301.dds, skipping
⚠️ DDS conversion not fully implemented for bamhe0003.dds, skipping
⚠️ DDS conversion not fully implemented for bamhe0105.dds, skipping
⚠️ DDS conversion not fully implemented for bamch0102.dds, skipping
⚠️ DDS conversion not fully implemented for bamhesk05.dds, skipping
⚠️ DDS conversion not fully implemented for bamchsk02.dds, skipping
⚠️ DDS conversion not fully implemented for bamlg0303.dds, skipping
⚠️ DDS conversion not fully implemented for bamua0101.dds, skipping
⚠️ DDS conversion not fully implemented for bamuask01.dds, skipping
⚠️ DDS conversion not fully implemented for bamhe0501.dds, skipping
⚠️ DDS conversion not fully implemented for bamft0101.dds, skipping
⚠️ DDS conversion not fully implemented for bamftsk01.dds, skipping
⚠️ DDS conversion not fully implemented for bamhe0405.dds, skipping
⚠️ DDS conversion not fully implemented for bamfa0302.dds, skipping
⚠️ DDS conversion not fully implemented for bamhesk07.dds, skipping
⚠️ DDS conversion not fully implemented for bamlg0301.dds, skipping
⚠️ DDS conversion not fully implemented for bamhe0001.dds, skipping
⚠️ DDS conversion not fully implemented for bamftsk03.dds, skipping
⚠️ DDS conversion not fully implemented for bamft0103.dds, skipping
⚠️ DDS conversion not fully implemented for bamhesk45.dds, skipping
⚠️ DDS conversion not fully implemented for bamhn0202.dds, skipping
⚠️ DDS conversion not fully implemented for bamft0102.dds, skipping
⚠️ DDS conversion not fully implemented for bamhesk44.dds, skipping
⚠️ DDS conversion not fully implemented for bamft0004.dds, skipping
⚠️ DDS conversion not fully implemented for bamhesk11.dds, skipping
⚠️ DDS conversion not fully implemented for bamftsk02.dds, skipping
⚠️ DDS conversion not fully implemented for bamhn0203.dds, skipping
⚠️ DDS conversion not fully implemented for bamua0102.dds, skipping
⚠️ DDS conversion not fully implemented for bamuask02.dds, skipping
⚠️ DDS conversion not fully implemented for bamhe0404.dds, skipping
⚠️ DDS conversion not fully implemented for bamch0101.dds, skipping
⚠️ DDS conversion not fully implemented for bamchsk01.dds, skipping
⚠️ DDS conversion not fully implemented for bamhesk06.dds, skipping
⚠️ DDS conversion not fully implemented for bamhesk14.dds, skipping
⚠️ DDS conversion not fully implemented for bamft0001.dds, skipping
⚠️ DDS conversion not fully implemented for bamhesk41.dds, skipping
⚠️ DDS conversion not fully implemented for bamhesk03.dds, skipping
⚠️ DDS conversion not fully implemented for bamlg0203.dds, skipping
⚠️ DDS conversion not fully implemented for bamhe0005.dds, skipping
⚠️ DDS conversion not fully implemented for bamch0002.dds, skipping
⚠️ DDS conversion not fully implemented for bamhe0401.dds, skipping
⚠️ DDS conversion not fully implemented for bamua0001.dds, skipping
⚠️ DDS conversion not fully implemented for bamhe0004.dds, skipping
⚠️ DDS conversion not fully implemented for bamch0003.dds, skipping
⚠️ DDS conversion not fully implemented for bamlg0202.dds, skipping
⚠️ DDS conversion not fully implemented for bamhesk02.dds, skipping
⚠️ DDS conversion not fully implemented for bamfa0201.dds, skipping
⚠️ DDS conversion not fully implemented for bamhn0301.dds, skipping
⚠️ DDS conversion not fully implemented for bamhesk15.dds, skipping
⚠️ DDS conversion not fully implemented for bamhe0504.dds, skipping
⚠️ DDS conversion not fully implemented for bamua0002.dds, skipping
⚠️ DDS conversion not fully implemented for bamhesk55.dds, skipping
⚠️ DDS conversion not fully implemented for bamch0001.dds, skipping
⚠️ DDS conversion not fully implemented for bamhe0006.dds, skipping
⚠️ DDS conversion not fully implemented for bamftsk04.dds, skipping
⚠️ DDS conversion not fully implemented for bamft0104.dds, skipping
⚠️ DDS conversion not fully implemented for bamft0002.dds, skipping
⚠️ DDS conversion not fully implemented for bamhn0303.dds, skipping
⚠️ DDS conversion not fully implemented for bamft0003.dds, skipping
⚠️ DDS conversion not fully implemented for bamhn0302.dds, skipping
⚠️ DDS conversion not fully implemented for bamfa0202.dds, skipping
⚠️ DDS conversion not fully implemented for bamhe0505.dds, skipping
⚠️ DDS conversion not fully implemented for bamhe0007.dds, skipping
⚠️ DDS conversion not fully implemented for bamhe0101.dds, skipping
⚠️ DDS conversion not fully implemented for bamhesk01.dds, skipping
⚠️ DDS conversion not fully implemented for bamlg0201.dds, skipping
⚠️ DDS conversion not fully implemented for bamhesk54.dds, skipping
⚠️ DDS conversion not fully implemented for bamhn0003.dds, skipping
⚠️ DDS conversion not fully implemented for bamhe0804.dds, skipping
⚠️ DDS conversion not fully implemented for bamft0204.dds, skipping
⚠️ DDS conversion not fully implemented for bamft0302.dds, skipping
⚠️ DDS conversion not fully implemented for bamhe0604.dds, skipping
⚠️ DDS conversion not fully implemented for bamhesk25.dds, skipping
⚠️ DDS conversion not fully implemented for bamua0302.dds, skipping
⚠️ DDS conversion not fully implemented for bamlgsk01.dds, skipping
⚠️ DDS conversion not fully implemented for bamhe0201.dds, skipping
⚠️ DDS conversion not fully implemented for bamlg0101.dds, skipping
⚠️ DDS conversion not fully implemented for bamfa0102.dds, skipping
⚠️ DDS conversion not fully implemented for bamhesk71.dds, skipping
⚠️ DDS conversion not fully implemented for bamfask02.dds, skipping
⚠️ DDS conversion not fully implemented for bamhe0605.dds, skipping
⚠️ DDS conversion not fully implemented for bamhesk24.dds, skipping
⚠️ DDS conversion not fully implemented for bamhn0002.dds, skipping
⚠️ DDS conversion not fully implemented for bamft0303.dds, skipping
⚠️ DDS conversion not fully implemented for bamhe0805.dds, skipping
⚠️ DDS conversion not fully implemented for bamhe0701.dds, skipping
⚠️ DDS conversion not fully implemented for bamua0301.dds, skipping
⚠️ DDS conversion not fully implemented for bamlg0103.dds, skipping
⚠️ DDS conversion not fully implemented for bamhe0305.dds, skipping
⚠️ DDS conversion not fully implemented for bamlgsk03.dds, skipping
⚠️ DDS conversion not fully implemented for bamft0301.dds, skipping
⚠️ DDS conversion not fully implemented for bamhesk64.dds, skipping
⚠️ DDS conversion not fully implemented for bamhesk31.dds, skipping
⚠️ DDS conversion not fully implemented for bamhn0001.dds, skipping
⚠️ DDS conversion not fully implemented for bamhesk65.dds, skipping
⚠️ DDS conversion not fully implemented for bamfa0101.dds, skipping
⚠️ DDS conversion not fully implemented for bamfask01.dds, skipping
⚠️ DDS conversion not fully implemented for bamhesk08.dds, skipping
⚠️ DDS conversion not fully implemented for bamhe0304.dds, skipping
⚠️ DDS conversion not fully implemented for bamlgsk02.dds, skipping
⚠️ DDS conversion not fully implemented for bamlg0102.dds, skipping
⚠️ DDS conversion not fully implemented for bamhnsk02.dds, skipping
⚠️ DDS conversion not fully implemented for bamhn0102.dds, skipping
⚠️ DDS conversion not fully implemented for bamhesk35.dds, skipping
⚠️ DDS conversion not fully implemented for bamft0203.dds, skipping
⚠️ DDS conversion not fully implemented for bamlg0001.dds, skipping
⚠️ DDS conversion not fully implemented for bamhe0301.dds, skipping
⚠️ DDS conversion not fully implemented for bamhe0705.dds, skipping
⚠️ DDS conversion not fully implemented for bamfa0002.dds, skipping
⚠️ DDS conversion not fully implemented for bamch0201.dds, skipping
⚠️ DDS conversion not fully implemented for bamua0202.dds, skipping
⚠️ DDS conversion not fully implemented for bamhe0704.dds, skipping
⚠️ DDS conversion not fully implemented for bamhesk34.dds, skipping
⚠️ DDS conversion not fully implemented for bamhn0103.dds, skipping
⚠️ DDS conversion not fully implemented for bamhesk61.dds, skipping
⚠️ DDS conversion not fully implemented for bamhnsk03.dds, skipping
⚠️ DDS conversion not fully implemented for bamft0202.dds, skipping
⚠️ DDS conversion not fully implemented for bamft0304.dds, skipping
⚠️ DDS conversion not fully implemented for bamhesk21.dds, skipping
⚠️ DDS conversion not fully implemented for bamhesk74.dds, skipping
⚠️ DDS conversion not fully implemented for bamfa0001.dds, skipping
⚠️ DDS conversion not fully implemented for bamhe0008.dds, skipping
⚠️ DDS conversion not fully implemented for bamlg0002.dds, skipping
⚠️ DDS conversion not fully implemented for bamhe0204.dds, skipping
⚠️ DDS conversion not fully implemented for bamch0203.dds, skipping
⚠️ DDS conversion not fully implemented for bamhnsk01.dds, skipping
⚠️ DDS conversion not fully implemented for bamhn0101.dds, skipping
⚠️ DDS conversion not fully implemented for bamft0201.dds, skipping
⚠️ DDS conversion not fully implemented for bamhe0801.dds, skipping
(node:26157) [MODULE_TYPELESS_PACKAGE_JSON] Warning: Module type of file:///home/tommy/eqsage/sage/lib/s3d/s3d-decoder.js is not specified and it doesn't parse as CommonJS.
Reparsing as ES module because module syntax was detected. This incurs a performance overhead.
To eliminate this warning, add "type": "module" to /home/tommy/eqsage/sage/package.json.
(Use `node --trace-warnings ...` to show where the warning was created)
  ✅ Processed palette.bmp -> PNG (15974 bytes)
⚠️ DDS conversion not fully implemented for bamua0201.dds, skipping
⚠️ DDS conversion not fully implemented for bamhesk75.dds, skipping
⚠️ DDS conversion not fully implemented for bamhe0601.dds, skipping
⚠️ DDS conversion not fully implemented for bamhe0205.dds, skipping
⚠️ DDS conversion not fully implemented for bamch0202.dds, skipping
⚠️ DDS conversion not fully implemented for bamlg0003.dds, skipping
Done processing images globalbam_chr.s3d - 145
💥 Extraction Failed: TypeError [ERR_INVALID_ARG_TYPE]: The "path" argument must be of type string. Received undefined
    at Object.basename (node:path:1490:5)
    at S3DArchive.exportToGLB (file:///home/tommy/Desktop/MobileClient/extract_sage_local.mjs:124:27)
    at extractCharacter (file:///home/tommy/Desktop/MobileClient/extract_sage_local.mjs:162:39) {
  code: 'ERR_INVALID_ARG_TYPE'
}
